======================================================================
RECOLHA Arquivo.pt — Custo Portugal v5
  Jornais: 9 | Queries principais: 49
  Queries Público extra: 8
  Combinações fase 1: 441
  Sleep: 1.3s | Timeout: 60s
  Duração estimada: 10–13 min
======================================================================

────────────────────────────────────────────────────────────
  JORNAL: publico (www.publico.pt)
────────────────────────────────────────────────────────────
  [OK] hab_renda_10_24: 1 | total publico: 1
  [OK] hab_aval_03_12: 2 | total publico: 3
  [OK] hab_crise_09_15: 2 | total publico: 5
  [OK] hab_troika_11_14: 4 | total publico: 9
  [OK] hab_boom_16_20: 2 | total publico: 11
  [OK] hab_sv_98_10: 2 | total publico: 13
  [OK] hab_sv_10_24: 2 | total publico: 15
  [OK] comb_crise_09_15: 2 | total publico: 17
  [OK] comb_normal_16_21: 1 | total publico: 18
  [OK] comb_gasoleo_00_24: 1 | total publico: 19
  [OK] comb_sv_10_24: 1 | total publico: 20
  [OK] sal_esc_96_02: 1 | total publico: 21
  [OK] sal_euros_02_10: 1 | total publico: 22
  [OK] sal_congela_11_14: 1 | total publico: 23
  [OK] sal_sobe_15_21: 3 | total publico: 26
  [OK] sal_poder_compra: 6 | total publico: 32
  [OK] sal_medio_00_24: 1 | total publico: 33
  [OK] sal_sv_98_10: 1 | total publico: 34
  [OK] sal_sv_10_24: 5 | total publico: 39
  [OK] inf_96_05: 1 | total publico: 40
  [OK] inf_deflacao_09_15: 2 | total publico: 42
  [OK] inf_estavel_15_21: 2 | total publico: 44
  [OK] cv_cabaz_05_24: 2 | total publico: 46
  [OK] cv_carestia_96_10: 2 | total publico: 48
  [OK] inf_sv_98_10: 2 | total publico: 50
  [OK] inf_sv_10_24: 3 | total publico: 53
  [OK] desemp_00_08: 1 | total publico: 54
  [OK] desemp_crise_09_14: 2 | total publico: 56
  [OK] desemp_recup_15_24: 3 | total publico: 59
  [OK] desemp_sv_98_10: 2 | total publico: 61
  [OK] desemp_sv_10_24: 3 | total publico: 64
  [OK] ctx_crise_08_11: 1 | total publico: 65
  [OK] ctx_troika_11_14: 6 | total publico: 71
  [OK] ctx_recupera_15_19: 10 | total publico: 81
  [OK] ctx_covid_20_21: 3 | total publico: 84
  => publico: 84 snippets

────────────────────────────────────────────────────────────
  JORNAL: dn (www.dn.pt)
────────────────────────────────────────────────────────────
  [OK] hab_renda_10_24: 2 | total dn: 2
  [OK] hab_aval_03_12: 2 | total dn: 4
  [OK] hab_crise_09_15: 2 | total dn: 6
  [OK] hab_troika_11_14: 1 | total dn: 7
  [OK] hab_boom_16_20: 4 | total dn: 11
  [OK] hab_acesso_19_24: 1 | total dn: 12
  [OK] hab_sv_10_24: 5 | total dn: 17
  [OK] comb_crise_09_15: 1 | total dn: 18
  [OK] comb_normal_16_21: 5 | total dn: 23
  [OK] comb_gasoleo_00_24: 1 | total dn: 24
  [OK] comb_sv_10_24: 2 | total dn: 26
  [OK] sal_esc_96_02: 2 | total dn: 28
  [OK] sal_euros_02_10: 1 | total dn: 29
  [OK] sal_congela_11_14: 2 | total dn: 31
  [OK] sal_sobe_15_21: 5 | total dn: 36
  [OK] sal_poder_compra: 10 | total dn: 46
  [OK] sal_medio_00_24: 1 | total dn: 47
  [OK] sal_sv_98_10: 1 | total dn: 48
  [OK] sal_sv_10_24: 3 | total dn: 51
  [OK] inf_deflacao_09_15: 2 | total dn: 53
  [OK] inf_estavel_15_21: 1 | total dn: 54
  [OK] cv_cabaz_05_24: 2 | total dn: 56
  [OK] cv_energia_08_24: 3 | total dn: 59
  [OK] inf_sv_10_24: 3 | total dn: 62
  [OK] desemp_00_08: 8 | total dn: 70
  [OK] desemp_crise_09_14: 2 | total dn: 72
  [OK] desemp_recup_15_24: 3 | total dn: 75
  [OK] desemp_sv_98_10: 8 | total dn: 83
  [OK] desemp_sv_10_24: 3 | total dn: 86
  [OK] ctx_euro_99_03: 2 | total dn: 88
  [OK] ctx_crise_08_11: 1 | total dn: 89
  [OK] ctx_troika_11_14: 3 | total dn: 92
  [OK] ctx_recupera_15_19: 6 | total dn: 98
  [OK] ctx_covid_20_21: 6 | total dn: 104
  => dn: 104 snippets

────────────────────────────────────────────────────────────
  JORNAL: expresso (www.expresso.pt)
────────────────────────────────────────────────────────────
  [OK] hab_esc_96_02: 2 | total expresso: 2
  [OK] hab_renda_96_10: 2 | total expresso: 4
  [OK] hab_sv_98_10: 2 | total expresso: 6
  [OK] comb_euros_02_08: 2 | total expresso: 8
    [AVISO] Tentativa 1/5: HTTPSConnectionPool(host='arquivo.pt', port=443): Max retries exceeded with url: /textsearch?q=combust%C3%ADveis+gasolina+pre%C3%A7o+Portugal+imposto+sobe&from=20090101&to=20151231&maxItems=50&offset=0&fields=title%2Csnippet%2Ctstamp%2ClinkToArchive%2ClinkToScreenshot%2CoriginalURL&siteSearch=www.expresso.pt (Caused by NewConnectionError('<urllib3.connection.HTTPSConnection object at 0x000002315ED0BC80>: Failed to establish a new connection: [WinError 10065] Uma operação de socket foi tentada num anfitrião inacessível')). Aguarda 5s...
    [AVISO] Tentativa 2/5: HTTPSConnectionPool(host='arquivo.pt', port=443): Max retries exceeded with url: /textsearch?q=combust%C3%ADveis+gasolina+pre%C3%A7o+Portugal+imposto+sobe&from=20090101&to=20151231&maxItems=50&offset=0&fields=title%2Csnippet%2Ctstamp%2ClinkToArchive%2ClinkToScreenshot%2CoriginalURL&siteSearch=www.expresso.pt (Caused by NameResolutionError("<urllib3.connection.HTTPSConnection object at 0x000002315ED08BC0>: Failed to resolve 'arquivo.pt' ([Errno 11001] getaddrinfo failed)")). Aguarda 10s...
    [AVISO] Tentativa 3/5: HTTPSConnectionPool(host='arquivo.pt', port=443): Max retries exceeded with url: /textsearch?q=combust%C3%ADveis+gasolina+pre%C3%A7o+Portugal+imposto+sobe&from=20090101&to=20151231&maxItems=50&offset=0&fields=title%2Csnippet%2Ctstamp%2ClinkToArchive%2ClinkToScreenshot%2CoriginalURL&siteSearch=www.expresso.pt (Caused by NameResolutionError("<urllib3.connection.HTTPSConnection object at 0x000002315ED21EE0>: Failed to resolve 'arquivo.pt' ([Errno 11001] getaddrinfo failed)")). Aguarda 15s...
    [AVISO] Tentativa 4/5: HTTPSConnectionPool(host='arquivo.pt', port=443): Max retries exceeded with url: /textsearch?q=combust%C3%ADveis+gasolina+pre%C3%A7o+Portugal+imposto+sobe&from=20090101&to=20151231&maxItems=50&offset=0&fields=title%2Csnippet%2Ctstamp%2ClinkToArchive%2ClinkToScreenshot%2CoriginalURL&siteSearch=www.expresso.pt (Caused by NameResolutionError("<urllib3.connection.HTTPSConnection object at 0x000002315ED0AC60>: Failed to resolve 'arquivo.pt' ([Errno 11001] getaddrinfo failed)")). Aguarda 20s...
    [AVISO] Tentativa 5/5: HTTPSConnectionPool(host='arquivo.pt', port=443): Max retries exceeded with url: /textsearch?q=combust%C3%ADveis+gasolina+pre%C3%A7o+Portugal+imposto+sobe&from=20090101&to=20151231&maxItems=50&offset=0&fields=title%2Csnippet%2Ctstamp%2ClinkToArchive%2ClinkToScreenshot%2CoriginalURL&siteSearch=www.expresso.pt (Caused by NameResolutionError("<urllib3.connection.HTTPSConnection object at 0x000002315ED092B0>: Failed to resolve 'arquivo.pt' ([Errno 11001] getaddrinfo failed)")). Aguarda 25s...
    [AVISO] Tentativa 1/5: HTTPSConnectionPool(host='arquivo.pt', port=443): Max retries exceeded with url: /textsearch?q=gasolina+gas%C3%B3leo+pre%C3%A7o+litro+Portugal+semana&from=20160101&to=20211231&maxItems=50&offset=0&fields=title%2Csnippet%2Ctstamp%2ClinkToArchive%2ClinkToScreenshot%2CoriginalURL&siteSearch=www.expresso.pt (Caused by NameResolutionError("<urllib3.connection.HTTPSConnection object at 0x000002315ED0B8C0>: Failed to resolve 'arquivo.pt' ([Errno 11001] getaddrinfo failed)")). Aguarda 5s...
    [AVISO] Tentativa 2/5: HTTPSConnectionPool(host='arquivo.pt', port=443): Max retries exceeded with url: /textsearch?q=gasolina+gas%C3%B3leo+pre%C3%A7o+litro+Portugal+semana&from=20160101&to=20211231&maxItems=50&offset=0&fields=title%2Csnippet%2Ctstamp%2ClinkToArchive%2ClinkToScreenshot%2CoriginalURL&siteSearch=www.expresso.pt (Caused by NameResolutionError("<urllib3.connection.HTTPSConnection object at 0x000002315ED09040>: Failed to resolve 'arquivo.pt' ([Errno 11001] getaddrinfo failed)")). Aguarda 10s...
    [AVISO] Tentativa 3/5: HTTPSConnectionPool(host='arquivo.pt', port=443): Max retries exceeded with url: /textsearch?q=gasolina+gas%C3%B3leo+pre%C3%A7o+litro+Portugal+semana&from=20160101&to=20211231&maxItems=50&offset=0&fields=title%2Csnippet%2Ctstamp%2ClinkToArchive%2ClinkToScreenshot%2CoriginalURL&siteSearch=www.expresso.pt (Caused by NameResolutionError("<urllib3.connection.HTTPSConnection object at 0x000002315ECAF770>: Failed to resolve 'arquivo.pt' ([Errno 11001] getaddrinfo failed)")). Aguarda 15s...
    [AVISO] Tentativa 4/5: HTTPSConnectionPool(host='arquivo.pt', port=443): Max retries exceeded with url: /textsearch?q=gasolina+gas%C3%B3leo+pre%C3%A7o+litro+Portugal+semana&from=20160101&to=20211231&maxItems=50&offset=0&fields=title%2Csnippet%2Ctstamp%2ClinkToArchive%2ClinkToScreenshot%2CoriginalURL&siteSearch=www.expresso.pt (Caused by NameResolutionError("<urllib3.connection.HTTPSConnection object at 0x000002315CA77140>: Failed to resolve 'arquivo.pt' ([Errno 11001] getaddrinfo failed)")). Aguarda 20s...
    [AVISO] Tentativa 5/5: HTTPSConnectionPool(host='arquivo.pt', port=443): Max retries exceeded with url: /textsearch?q=gasolina+gas%C3%B3leo+pre%C3%A7o+litro+Portugal+semana&from=20160101&to=20211231&maxItems=50&offset=0&fields=title%2Csnippet%2Ctstamp%2ClinkToArchive%2ClinkToScreenshot%2CoriginalURL&siteSearch=www.expresso.pt (Caused by NameResolutionError("<urllib3.connection.HTTPSConnection object at 0x000002315E178A70>: Failed to resolve 'arquivo.pt' ([Errno 11001] getaddrinfo failed)")). Aguarda 25s...
    [AVISO] Tentativa 1/5: HTTPSConnectionPool(host='arquivo.pt', port=443): Max retries exceeded with url: /textsearch?q=combust%C3%ADveis+gasolina+pre%C3%A7o+Portugal+guerra+energia&from=20220101&to=20241231&maxItems=50&offset=0&fields=title%2Csnippet%2Ctstamp%2ClinkToArchive%2ClinkToScreenshot%2CoriginalURL&siteSearch=www.expresso.pt (Caused by NameResolutionError("<urllib3.connection.HTTPSConnection object at 0x000002315ED0B470>: Failed to resolve 'arquivo.pt' ([Errno 11001] getaddrinfo failed)")). Aguarda 5s...
    [AVISO] Tentativa 2/5: HTTPSConnectionPool(host='arquivo.pt', port=443): Max retries exceeded with url: /textsearch?q=combust%C3%ADveis+gasolina+pre%C3%A7o+Portugal+guerra+energia&from=20220101&to=20241231&maxItems=50&offset=0&fields=title%2Csnippet%2Ctstamp%2ClinkToArchive%2ClinkToScreenshot%2CoriginalURL&siteSearch=www.expresso.pt (Caused by NameResolutionError("<urllib3.connection.HTTPSConnection object at 0x000002315ED0BB60>: Failed to resolve 'arquivo.pt' ([Errno 11001] getaddrinfo failed)")). Aguarda 10s...
    [AVISO] Tentativa 3/5: HTTPSConnectionPool(host='arquivo.pt', port=443): Max retries exceeded with url: /textsearch?q=combust%C3%ADveis+gasolina+pre%C3%A7o+Portugal+guerra+energia&from=20220101&to=20241231&maxItems=50&offset=0&fields=title%2Csnippet%2Ctstamp%2ClinkToArchive%2ClinkToScreenshot%2CoriginalURL&siteSearch=www.expresso.pt (Caused by NameResolutionError("<urllib3.connection.HTTPSConnection object at 0x000002315ED0A150>: Failed to resolve 'arquivo.pt' ([Errno 11001] getaddrinfo failed)")). Aguarda 15s...
    [AVISO] Tentativa 4/5: HTTPSConnectionPool(host='arquivo.pt', port=443): Max retries exceeded with url: /textsearch?q=combust%C3%ADveis+gasolina+pre%C3%A7o+Portugal+guerra+energia&from=20220101&to=20241231&maxItems=50&offset=0&fields=title%2Csnippet%2Ctstamp%2ClinkToArchive%2ClinkToScreenshot%2CoriginalURL&siteSearch=www.expresso.pt (Caused by NameResolutionError("<urllib3.connection.HTTPSConnection object at 0x000002315ED093D0>: Failed to resolve 'arquivo.pt' ([Errno 11001] getaddrinfo failed)")). Aguarda 20s...
    [AVISO] Tentativa 5/5: HTTPSConnectionPool(host='arquivo.pt', port=443): Max retries exceeded with url: /textsearch?q=combust%C3%ADveis+gasolina+pre%C3%A7o+Portugal+guerra+energia&from=20220101&to=20241231&maxItems=50&offset=0&fields=title%2Csnippet%2Ctstamp%2ClinkToArchive%2ClinkToScreenshot%2CoriginalURL&siteSearch=www.expresso.pt (Caused by NameResolutionError("<urllib3.connection.HTTPSConnection object at 0x000002315ECEACF0>: Failed to resolve 'arquivo.pt' ([Errno 11001] getaddrinfo failed)")). Aguarda 25s...
    [AVISO] Tentativa 1/5: HTTPSConnectionPool(host='arquivo.pt', port=443): Max retries exceeded with url: /textsearch?q=gas%C3%B3leo+pre%C3%A7o+litro+Portugal+consumidores&from=20000101&to=20241231&maxItems=50&offset=0&fields=title%2Csnippet%2Ctstamp%2ClinkToArchive%2ClinkToScreenshot%2CoriginalURL&siteSearch=www.expresso.pt (Caused by NameResolutionError("<urllib3.connection.HTTPSConnection object at 0x000002315ED0BB30>: Failed to resolve 'arquivo.pt' ([Errno 11001] getaddrinfo failed)")). Aguarda 5s...
    [AVISO] Tentativa 2/5: HTTPSConnectionPool(host='arquivo.pt', port=443): Max retries exceeded with url: /textsearch?q=gas%C3%B3leo+pre%C3%A7o+litro+Portugal+consumidores&from=20000101&to=20241231&maxItems=50&offset=0&fields=title%2Csnippet%2Ctstamp%2ClinkToArchive%2ClinkToScreenshot%2CoriginalURL&siteSearch=www.expresso.pt (Caused by NameResolutionError("<urllib3.connection.HTTPSConnection object at 0x000002315ED0BD40>: Failed to resolve 'arquivo.pt' ([Errno 11001] getaddrinfo failed)")). Aguarda 10s...
    [AVISO] Tentativa 3/5: HTTPSConnectionPool(host='arquivo.pt', port=443): Max retries exceeded with url: /textsearch?q=gas%C3%B3leo+pre%C3%A7o+litro+Portugal+consumidores&from=20000101&to=20241231&maxItems=50&offset=0&fields=title%2Csnippet%2Ctstamp%2ClinkToArchive%2ClinkToScreenshot%2CoriginalURL&siteSearch=www.expresso.pt (Caused by NameResolutionError("<urllib3.connection.HTTPSConnection object at 0x000002315ED09D30>: Failed to resolve 'arquivo.pt' ([Errno 11001] getaddrinfo failed)")). Aguarda 15s...
    [AVISO] Tentativa 4/5: HTTPSConnectionPool(host='arquivo.pt', port=443): Max retries exceeded with url: /textsearch?q=gas%C3%B3leo+pre%C3%A7o+litro+Portugal+consumidores&from=20000101&to=20241231&maxItems=50&offset=0&fields=title%2Csnippet%2Ctstamp%2ClinkToArchive%2ClinkToScreenshot%2CoriginalURL&siteSearch=www.expresso.pt (Caused by NameResolutionError("<urllib3.connection.HTTPSConnection object at 0x000002315ED09970>: Failed to resolve 'arquivo.pt' ([Errno 11001] getaddrinfo failed)")). Aguarda 20s...
    [AVISO] Tentativa 5/5: HTTPSConnectionPool(host='arquivo.pt', port=443): Max retries exceeded with url: /textsearch?q=gas%C3%B3leo+pre%C3%A7o+litro+Portugal+consumidores&from=20000101&to=20241231&maxItems=50&offset=0&fields=title%2Csnippet%2Ctstamp%2ClinkToArchive%2ClinkToScreenshot%2CoriginalURL&siteSearch=www.expresso.pt (Caused by NameResolutionError("<urllib3.connection.HTTPSConnection object at 0x000002315ED080B0>: Failed to resolve 'arquivo.pt' ([Errno 11001] getaddrinfo failed)")). Aguarda 25s...
    [AVISO] Tentativa 1/5: HTTPSConnectionPool(host='arquivo.pt', port=443): Max retries exceeded with url: /textsearch?q=gasolina+pre%C3%A7o+Portugal+litro+bomba&from=19980101&to=20101231&maxItems=50&offset=0&fields=title%2Csnippet%2Ctstamp%2ClinkToArchive%2ClinkToScreenshot%2CoriginalURL&siteSearch=www.expresso.pt (Caused by NameResolutionError("<urllib3.connection.HTTPSConnection object at 0x000002315ECEB320>: Failed to resolve 'arquivo.pt' ([Errno 11001] getaddrinfo failed)")). Aguarda 5s...
    [AVISO] Tentativa 2/5: HTTPSConnectionPool(host='arquivo.pt', port=443): Max retries exceeded with url: /textsearch?q=gasolina+pre%C3%A7o+Portugal+litro+bomba&from=19980101&to=20101231&maxItems=50&offset=0&fields=title%2Csnippet%2Ctstamp%2ClinkToArchive%2ClinkToScreenshot%2CoriginalURL&siteSearch=www.expresso.pt (Caused by NameResolutionError("<urllib3.connection.HTTPSConnection object at 0x000002315EC34C50>: Failed to resolve 'arquivo.pt' ([Errno 11001] getaddrinfo failed)")). Aguarda 10s...
    [AVISO] Tentativa 3/5: HTTPSConnectionPool(host='arquivo.pt', port=443): Max retries exceeded with url: /textsearch?q=gasolina+pre%C3%A7o+Portugal+litro+bomba&from=19980101&to=20101231&maxItems=50&offset=0&fields=title%2Csnippet%2Ctstamp%2ClinkToArchive%2ClinkToScreenshot%2CoriginalURL&siteSearch=www.expresso.pt (Caused by NameResolutionError("<urllib3.connection.HTTPSConnection object at 0x000002315ED080B0>: Failed to resolve 'arquivo.pt' ([Errno 11001] getaddrinfo failed)")). Aguarda 15s...
    [AVISO] Tentativa 4/5: HTTPSConnectionPool(host='arquivo.pt', port=443): Max retries exceeded with url: /textsearch?q=gasolina+pre%C3%A7o+Portugal+litro+bomba&from=19980101&to=20101231&maxItems=50&offset=0&fields=title%2Csnippet%2Ctstamp%2ClinkToArchive%2ClinkToScreenshot%2CoriginalURL&siteSearch=www.expresso.pt (Caused by NameResolutionError("<urllib3.connection.HTTPSConnection object at 0x000002315ED09970>: Failed to resolve 'arquivo.pt' ([Errno 11001] getaddrinfo failed)")). Aguarda 20s...
    [AVISO] Tentativa 5/5: HTTPSConnectionPool(host='arquivo.pt', port=443): Max retries exceeded with url: /textsearch?q=gasolina+pre%C3%A7o+Portugal+litro+bomba&from=19980101&to=20101231&maxItems=50&offset=0&fields=title%2Csnippet%2Ctstamp%2ClinkToArchive%2ClinkToScreenshot%2CoriginalURL&siteSearch=www.expresso.pt (Caused by NameResolutionError("<urllib3.connection.HTTPSConnection object at 0x000002315ED09D30>: Failed to resolve 'arquivo.pt' ([Errno 11001] getaddrinfo failed)")). Aguarda 25s...
    [AVISO] Tentativa 1/5: HTTPSConnectionPool(host='arquivo.pt', port=443): Max retries exceeded with url: /textsearch?q=gasolina+pre%C3%A7o+Portugal+litro+bomba&from=20100101&to=20241231&maxItems=50&offset=0&fields=title%2Csnippet%2Ctstamp%2ClinkToArchive%2ClinkToScreenshot%2CoriginalURL&siteSearch=www.expresso.pt (Caused by NameResolutionError("<urllib3.connection.HTTPSConnection object at 0x000002315ED0BF80>: Failed to resolve 'arquivo.pt' ([Errno 11001] getaddrinfo failed)")). Aguarda 5s...
    [AVISO] Tentativa 2/5: HTTPSConnectionPool(host='arquivo.pt', port=443): Max retries exceeded with url: /textsearch?q=gasolina+pre%C3%A7o+Portugal+litro+bomba&from=20100101&to=20241231&maxItems=50&offset=0&fields=title%2Csnippet%2Ctstamp%2ClinkToArchive%2ClinkToScreenshot%2CoriginalURL&siteSearch=www.expresso.pt (Caused by NameResolutionError("<urllib3.connection.HTTPSConnection object at 0x000002315ECADC10>: Failed to resolve 'arquivo.pt' ([Errno 11001] getaddrinfo failed)")). Aguarda 10s...
    [AVISO] Tentativa 3/5: HTTPSConnectionPool(host='arquivo.pt', port=443): Max retries exceeded with url: /textsearch?q=gasolina+pre%C3%A7o+Portugal+litro+bomba&from=20100101&to=20241231&maxItems=50&offset=0&fields=title%2Csnippet%2Ctstamp%2ClinkToArchive%2ClinkToScreenshot%2CoriginalURL&siteSearch=www.expresso.pt (Caused by NameResolutionError("<urllib3.connection.HTTPSConnection object at 0x000002315ED08230>: Failed to resolve 'arquivo.pt' ([Errno 11001] getaddrinfo failed)")). Aguarda 15s...
    [AVISO] Tentativa 4/5: HTTPSConnectionPool(host='arquivo.pt', port=443): Max retries exceeded with url: /textsearch?q=gasolina+pre%C3%A7o+Portugal+litro+bomba&from=20100101&to=20241231&maxItems=50&offset=0&fields=title%2Csnippet%2Ctstamp%2ClinkToArchive%2ClinkToScreenshot%2CoriginalURL&siteSearch=www.expresso.pt (Caused by NameResolutionError("<urllib3.connection.HTTPSConnection object at 0x000002315ED08260>: Failed to resolve 'arquivo.pt' ([Errno 11001] getaddrinfo failed)")). Aguarda 20s...
    [AVISO] Tentativa 5/5: HTTPSConnectionPool(host='arquivo.pt', port=443): Max retries exceeded with url: /textsearch?q=gasolina+pre%C3%A7o+Portugal+litro+bomba&from=20100101&to=20241231&maxItems=50&offset=0&fields=title%2Csnippet%2Ctstamp%2ClinkToArchive%2ClinkToScreenshot%2CoriginalURL&siteSearch=www.expresso.pt (Caused by NameResolutionError("<urllib3.connection.HTTPSConnection object at 0x000002315ED099A0>: Failed to resolve 'arquivo.pt' ([Errno 11001] getaddrinfo failed)")). Aguarda 25s...
    [AVISO] Tentativa 1/5: HTTPSConnectionPool(host='arquivo.pt', port=443): Max retries exceeded with url: /textsearch?q=sal%C3%A1rio+m%C3%ADnimo+nacional+escudos+Portugal+trabalhadores&from=19960101&to=20021231&maxItems=50&offset=0&fields=title%2Csnippet%2Ctstamp%2ClinkToArchive%2ClinkToScreenshot%2CoriginalURL&siteSearch=www.expresso.pt (Caused by NameResolutionError("<urllib3.connection.HTTPSConnection object at 0x000002315ED09D00>: Failed to resolve 'arquivo.pt' ([Errno 11001] getaddrinfo failed)")). Aguarda 5s...
    [AVISO] Tentativa 2/5: HTTPSConnectionPool(host='arquivo.pt', port=443): Max retries exceeded with url: /textsearch?q=sal%C3%A1rio+m%C3%ADnimo+nacional+escudos+Portugal+trabalhadores&from=19960101&to=20021231&maxItems=50&offset=0&fields=title%2Csnippet%2Ctstamp%2ClinkToArchive%2ClinkToScreenshot%2CoriginalURL&siteSearch=www.expresso.pt (Caused by NameResolutionError("<urllib3.connection.HTTPSConnection object at 0x000002315ED0A630>: Failed to resolve 'arquivo.pt' ([Errno 11001] getaddrinfo failed)")). Aguarda 10s...
    [AVISO] Tentativa 3/5: HTTPSConnectionPool(host='arquivo.pt', port=443): Max retries exceeded with url: /textsearch?q=sal%C3%A1rio+m%C3%ADnimo+nacional+escudos+Portugal+trabalhadores&from=19960101&to=20021231&maxItems=50&offset=0&fields=title%2Csnippet%2Ctstamp%2ClinkToArchive%2ClinkToScreenshot%2CoriginalURL&siteSearch=www.expresso.pt (Caused by NameResolutionError("<urllib3.connection.HTTPSConnection object at 0x000002315CA77AD0>: Failed to resolve 'arquivo.pt' ([Errno 11001] getaddrinfo failed)")). Aguarda 15s...
    [AVISO] Tentativa 4/5: HTTPSConnectionPool(host='arquivo.pt', port=443): Max retries exceeded with url: /textsearch?q=sal%C3%A1rio+m%C3%ADnimo+nacional+escudos+Portugal+trabalhadores&from=19960101&to=20021231&maxItems=50&offset=0&fields=title%2Csnippet%2Ctstamp%2ClinkToArchive%2ClinkToScreenshot%2CoriginalURL&siteSearch=www.expresso.pt (Caused by NameResolutionError("<urllib3.connection.HTTPSConnection object at 0x000002315EC34D10>: Failed to resolve 'arquivo.pt' ([Errno 11001] getaddrinfo failed)")). Aguarda 20s...
    [AVISO] Tentativa 5/5: HTTPSConnectionPool(host='arquivo.pt', port=443): Max retries exceeded with url: /textsearch?q=sal%C3%A1rio+m%C3%ADnimo+nacional+escudos+Portugal+trabalhadores&from=19960101&to=20021231&maxItems=50&offset=0&fields=title%2Csnippet%2Ctstamp%2ClinkToArchive%2ClinkToScreenshot%2CoriginalURL&siteSearch=www.expresso.pt (Caused by NameResolutionError("<urllib3.connection.HTTPSConnection object at 0x000002315ED08A10>: Failed to resolve 'arquivo.pt' ([Errno 11001] getaddrinfo failed)")). Aguarda 25s...
    [AVISO] Tentativa 1/5: HTTPSConnectionPool(host='arquivo.pt', port=443): Max retries exceeded with url: /textsearch?q=sal%C3%A1rio+m%C3%ADnimo+nacional+euros+aumento+Portugal&from=20020101&to=20101231&maxItems=50&offset=0&fields=title%2Csnippet%2Ctstamp%2ClinkToArchive%2ClinkToScreenshot%2CoriginalURL&siteSearch=www.expresso.pt (Caused by NameResolutionError("<urllib3.connection.HTTPSConnection object at 0x000002315ED09580>: Failed to resolve 'arquivo.pt' ([Errno 11001] getaddrinfo failed)")). Aguarda 5s...
    [AVISO] Tentativa 2/5: HTTPSConnectionPool(host='arquivo.pt', port=443): Max retries exceeded with url: /textsearch?q=sal%C3%A1rio+m%C3%ADnimo+nacional+euros+aumento+Portugal&from=20020101&to=20101231&maxItems=50&offset=0&fields=title%2Csnippet%2Ctstamp%2ClinkToArchive%2ClinkToScreenshot%2CoriginalURL&siteSearch=www.expresso.pt (Caused by NameResolutionError("<urllib3.connection.HTTPSConnection object at 0x000002315ED09940>: Failed to resolve 'arquivo.pt' ([Errno 11001] getaddrinfo failed)")). Aguarda 10s...
    [AVISO] Tentativa 3/5: HTTPSConnectionPool(host='arquivo.pt', port=443): Max retries exceeded with url: /textsearch?q=sal%C3%A1rio+m%C3%ADnimo+nacional+euros+aumento+Portugal&from=20020101&to=20101231&maxItems=50&offset=0&fields=title%2Csnippet%2Ctstamp%2ClinkToArchive%2ClinkToScreenshot%2CoriginalURL&siteSearch=www.expresso.pt (Caused by NameResolutionError("<urllib3.connection.HTTPSConnection object at 0x000002315ED08E30>: Failed to resolve 'arquivo.pt' ([Errno 11001] getaddrinfo failed)")). Aguarda 15s...
    [AVISO] Tentativa 4/5: HTTPSConnectionPool(host='arquivo.pt', port=443): Max retries exceeded with url: /textsearch?q=sal%C3%A1rio+m%C3%ADnimo+nacional+euros+aumento+Portugal&from=20020101&to=20101231&maxItems=50&offset=0&fields=title%2Csnippet%2Ctstamp%2ClinkToArchive%2ClinkToScreenshot%2CoriginalURL&siteSearch=www.expresso.pt (Caused by NameResolutionError("<urllib3.connection.HTTPSConnection object at 0x000002315E295040>: Failed to resolve 'arquivo.pt' ([Errno 11001] getaddrinfo failed)")). Aguarda 20s...
    [AVISO] Tentativa 5/5: HTTPSConnectionPool(host='arquivo.pt', port=443): Max retries exceeded with url: /textsearch?q=sal%C3%A1rio+m%C3%ADnimo+nacional+euros+aumento+Portugal&from=20020101&to=20101231&maxItems=50&offset=0&fields=title%2Csnippet%2Ctstamp%2ClinkToArchive%2ClinkToScreenshot%2CoriginalURL&siteSearch=www.expresso.pt (Caused by NameResolutionError("<urllib3.connection.HTTPSConnection object at 0x000002315C24CBF0>: Failed to resolve 'arquivo.pt' ([Errno 11001] getaddrinfo failed)")). Aguarda 25s...
    [AVISO] Tentativa 1/5: HTTPSConnectionPool(host='arquivo.pt', port=443): Max retries exceeded with url: /textsearch?q=sal%C3%A1rio+m%C3%ADnimo+congela+troika+austeridade+Portugal&from=20110101&to=20141231&maxItems=50&offset=0&fields=title%2Csnippet%2Ctstamp%2ClinkToArchive%2ClinkToScreenshot%2CoriginalURL&siteSearch=www.expresso.pt (Caused by NameResolutionError("<urllib3.connection.HTTPSConnection object at 0x000002315ED08860>: Failed to resolve 'arquivo.pt' ([Errno 11001] getaddrinfo failed)")). Aguarda 5s...
    [AVISO] Tentativa 2/5: HTTPSConnectionPool(host='arquivo.pt', port=443): Max retries exceeded with url: /textsearch?q=sal%C3%A1rio+m%C3%ADnimo+congela+troika+austeridade+Portugal&from=20110101&to=20141231&maxItems=50&offset=0&fields=title%2Csnippet%2Ctstamp%2ClinkToArchive%2ClinkToScreenshot%2CoriginalURL&siteSearch=www.expresso.pt (Caused by NameResolutionError("<urllib3.connection.HTTPSConnection object at 0x000002315ED09040>: Failed to resolve 'arquivo.pt' ([Errno 11001] getaddrinfo failed)")). Aguarda 10s...
    [AVISO] Tentativa 3/5: HTTPSConnectionPool(host='arquivo.pt', port=443): Max retries exceeded with url: /textsearch?q=sal%C3%A1rio+m%C3%ADnimo+congela+troika+austeridade+Portugal&from=20110101&to=20141231&maxItems=50&offset=0&fields=title%2Csnippet%2Ctstamp%2ClinkToArchive%2ClinkToScreenshot%2CoriginalURL&siteSearch=www.expresso.pt (Caused by NameResolutionError("<urllib3.connection.HTTPSConnection object at 0x000002315ED0B440>: Failed to resolve 'arquivo.pt' ([Errno 11001] getaddrinfo failed)")). Aguarda 15s...
    [AVISO] Tentativa 4/5: HTTPSConnectionPool(host='arquivo.pt', port=443): Max retries exceeded with url: /textsearch?q=sal%C3%A1rio+m%C3%ADnimo+congela+troika+austeridade+Portugal&from=20110101&to=20141231&maxItems=50&offset=0&fields=title%2Csnippet%2Ctstamp%2ClinkToArchive%2ClinkToScreenshot%2CoriginalURL&siteSearch=www.expresso.pt (Caused by NameResolutionError("<urllib3.connection.HTTPSConnection object at 0x000002315ED0AA20>: Failed to resolve 'arquivo.pt' ([Errno 11001] getaddrinfo failed)")). Aguarda 20s...
    [AVISO] Tentativa 5/5: HTTPSConnectionPool(host='arquivo.pt', port=443): Max retries exceeded with url: /textsearch?q=sal%C3%A1rio+m%C3%ADnimo+congela+troika+austeridade+Portugal&from=20110101&to=20141231&maxItems=50&offset=0&fields=title%2Csnippet%2Ctstamp%2ClinkToArchive%2ClinkToScreenshot%2CoriginalURL&siteSearch=www.expresso.pt (Caused by NameResolutionError("<urllib3.connection.HTTPSConnection object at 0x000002315EC86300>: Failed to resolve 'arquivo.pt' ([Errno 11001] getaddrinfo failed)")). Aguarda 25s...
    [AVISO] Tentativa 1/5: HTTPSConnectionPool(host='arquivo.pt', port=443): Max retries exceeded with url: /textsearch?q=sal%C3%A1rio+m%C3%ADnimo+sobe+aumento+Portugal+trabalhadores&from=20150101&to=20211231&maxItems=50&offset=0&fields=title%2Csnippet%2Ctstamp%2ClinkToArchive%2ClinkToScreenshot%2CoriginalURL&siteSearch=www.expresso.pt (Caused by NameResolutionError("<urllib3.connection.HTTPSConnection object at 0x000002315E178A70>: Failed to resolve 'arquivo.pt' ([Errno 11001] getaddrinfo failed)")). Aguarda 5s...
    [AVISO] Tentativa 2/5: HTTPSConnectionPool(host='arquivo.pt', port=443): Max retries exceeded with url: /textsearch?q=sal%C3%A1rio+m%C3%ADnimo+sobe+aumento+Portugal+trabalhadores&from=20150101&to=20211231&maxItems=50&offset=0&fields=title%2Csnippet%2Ctstamp%2ClinkToArchive%2ClinkToScreenshot%2CoriginalURL&siteSearch=www.expresso.pt (Caused by NameResolutionError("<urllib3.connection.HTTPSConnection object at 0x000002315ED09490>: Failed to resolve 'arquivo.pt' ([Errno 11001] getaddrinfo failed)")). Aguarda 10s...
    [AVISO] Tentativa 3/5: HTTPSConnectionPool(host='arquivo.pt', port=443): Max retries exceeded with url: /textsearch?q=sal%C3%A1rio+m%C3%ADnimo+sobe+aumento+Portugal+trabalhadores&from=20150101&to=20211231&maxItems=50&offset=0&fields=title%2Csnippet%2Ctstamp%2ClinkToArchive%2ClinkToScreenshot%2CoriginalURL&siteSearch=www.expresso.pt (Caused by NameResolutionError("<urllib3.connection.HTTPSConnection object at 0x000002315ED08EC0>: Failed to resolve 'arquivo.pt' ([Errno 11001] getaddrinfo failed)")). Aguarda 15s...
    [AVISO] Tentativa 4/5: HTTPSConnectionPool(host='arquivo.pt', port=443): Max retries exceeded with url: /textsearch?q=sal%C3%A1rio+m%C3%ADnimo+sobe+aumento+Portugal+trabalhadores&from=20150101&to=20211231&maxItems=50&offset=0&fields=title%2Csnippet%2Ctstamp%2ClinkToArchive%2ClinkToScreenshot%2CoriginalURL&siteSearch=www.expresso.pt (Caused by NameResolutionError("<urllib3.connection.HTTPSConnection object at 0x000002315ED09BE0>: Failed to resolve 'arquivo.pt' ([Errno 11001] getaddrinfo failed)")). Aguarda 20s...
    [AVISO] Tentativa 5/5: HTTPSConnectionPool(host='arquivo.pt', port=443): Max retries exceeded with url: /textsearch?q=sal%C3%A1rio+m%C3%ADnimo+sobe+aumento+Portugal+trabalhadores&from=20150101&to=20211231&maxItems=50&offset=0&fields=title%2Csnippet%2Ctstamp%2ClinkToArchive%2ClinkToScreenshot%2CoriginalURL&siteSearch=www.expresso.pt (Caused by NameResolutionError("<urllib3.connection.HTTPSConnection object at 0x000002315ED09400>: Failed to resolve 'arquivo.pt' ([Errno 11001] getaddrinfo failed)")). Aguarda 25s...
    [AVISO] Tentativa 1/5: HTTPSConnectionPool(host='arquivo.pt', port=443): Max retries exceeded with url: /textsearch?q=sal%C3%A1rio+m%C3%ADnimo+aumento+Portugal+trabalhadores&from=20220101&to=20241231&maxItems=50&offset=0&fields=title%2Csnippet%2Ctstamp%2ClinkToArchive%2ClinkToScreenshot%2CoriginalURL&siteSearch=www.expresso.pt (Caused by NameResolutionError("<urllib3.connection.HTTPSConnection object at 0x000002315ECEB200>: Failed to resolve 'arquivo.pt' ([Errno 11001] getaddrinfo failed)")). Aguarda 5s...
    [AVISO] Tentativa 2/5: HTTPSConnectionPool(host='arquivo.pt', port=443): Max retries exceeded with url: /textsearch?q=sal%C3%A1rio+m%C3%ADnimo+aumento+Portugal+trabalhadores&from=20220101&to=20241231&maxItems=50&offset=0&fields=title%2Csnippet%2Ctstamp%2ClinkToArchive%2ClinkToScreenshot%2CoriginalURL&siteSearch=www.expresso.pt (Caused by NameResolutionError("<urllib3.connection.HTTPSConnection object at 0x000002315ED0BB30>: Failed to resolve 'arquivo.pt' ([Errno 11001] getaddrinfo failed)")). Aguarda 10s...
    [AVISO] Tentativa 3/5: HTTPSConnectionPool(host='arquivo.pt', port=443): Max retries exceeded with url: /textsearch?q=sal%C3%A1rio+m%C3%ADnimo+aumento+Portugal+trabalhadores&from=20220101&to=20241231&maxItems=50&offset=0&fields=title%2Csnippet%2Ctstamp%2ClinkToArchive%2ClinkToScreenshot%2CoriginalURL&siteSearch=www.expresso.pt (Caused by NameResolutionError("<urllib3.connection.HTTPSConnection object at 0x000002315ED0A510>: Failed to resolve 'arquivo.pt' ([Errno 11001] getaddrinfo failed)")). Aguarda 15s...
    [AVISO] Tentativa 4/5: HTTPSConnectionPool(host='arquivo.pt', port=443): Max retries exceeded with url: /textsearch?q=sal%C3%A1rio+m%C3%ADnimo+aumento+Portugal+trabalhadores&from=20220101&to=20241231&maxItems=50&offset=0&fields=title%2Csnippet%2Ctstamp%2ClinkToArchive%2ClinkToScreenshot%2CoriginalURL&siteSearch=www.expresso.pt (Caused by NameResolutionError("<urllib3.connection.HTTPSConnection object at 0x000002315ED0AB70>: Failed to resolve 'arquivo.pt' ([Errno 11001] getaddrinfo failed)")). Aguarda 20s...
    [AVISO] Tentativa 5/5: HTTPSConnectionPool(host='arquivo.pt', port=443): Max retries exceeded with url: /textsearch?q=sal%C3%A1rio+m%C3%ADnimo+aumento+Portugal+trabalhadores&from=20220101&to=20241231&maxItems=50&offset=0&fields=title%2Csnippet%2Ctstamp%2ClinkToArchive%2ClinkToScreenshot%2CoriginalURL&siteSearch=www.expresso.pt (Caused by NameResolutionError("<urllib3.connection.HTTPSConnection object at 0x000002315ED0A810>: Failed to resolve 'arquivo.pt' ([Errno 11001] getaddrinfo failed)")). Aguarda 25s...
    [AVISO] Tentativa 1/5: HTTPSConnectionPool(host='arquivo.pt', port=443): Max retries exceeded with url: /textsearch?q=poder+de+compra+Portugal+trabalhadores+rendimento&from=20000101&to=20241231&maxItems=50&offset=0&fields=title%2Csnippet%2Ctstamp%2ClinkToArchive%2ClinkToScreenshot%2CoriginalURL&siteSearch=www.expresso.pt (Caused by NameResolutionError("<urllib3.connection.HTTPSConnection object at 0x000002315ED09C70>: Failed to resolve 'arquivo.pt' ([Errno 11001] getaddrinfo failed)")). Aguarda 5s...
    [AVISO] Tentativa 2/5: HTTPSConnectionPool(host='arquivo.pt', port=443): Max retries exceeded with url: /textsearch?q=poder+de+compra+Portugal+trabalhadores+rendimento&from=20000101&to=20241231&maxItems=50&offset=0&fields=title%2Csnippet%2Ctstamp%2ClinkToArchive%2ClinkToScreenshot%2CoriginalURL&siteSearch=www.expresso.pt (Caused by NameResolutionError("<urllib3.connection.HTTPSConnection object at 0x000002315ECE9400>: Failed to resolve 'arquivo.pt' ([Errno 11001] getaddrinfo failed)")). Aguarda 10s...
    [AVISO] Tentativa 3/5: HTTPSConnectionPool(host='arquivo.pt', port=443): Max retries exceeded with url: /textsearch?q=poder+de+compra+Portugal+trabalhadores+rendimento&from=20000101&to=20241231&maxItems=50&offset=0&fields=title%2Csnippet%2Ctstamp%2ClinkToArchive%2ClinkToScreenshot%2CoriginalURL&siteSearch=www.expresso.pt (Caused by NameResolutionError("<urllib3.connection.HTTPSConnection object at 0x000002315EC34C80>: Failed to resolve 'arquivo.pt' ([Errno 11001] getaddrinfo failed)")). Aguarda 15s...
    [AVISO] Tentativa 4/5: HTTPSConnectionPool(host='arquivo.pt', port=443): Max retries exceeded with url: /textsearch?q=poder+de+compra+Portugal+trabalhadores+rendimento&from=20000101&to=20241231&maxItems=50&offset=0&fields=title%2Csnippet%2Ctstamp%2ClinkToArchive%2ClinkToScreenshot%2CoriginalURL&siteSearch=www.expresso.pt (Caused by NameResolutionError("<urllib3.connection.HTTPSConnection object at 0x000002315ED0AA20>: Failed to resolve 'arquivo.pt' ([Errno 11001] getaddrinfo failed)")). Aguarda 20s...
    [AVISO] Tentativa 5/5: HTTPSConnectionPool(host='arquivo.pt', port=443): Max retries exceeded with url: /textsearch?q=poder+de+compra+Portugal+trabalhadores+rendimento&from=20000101&to=20241231&maxItems=50&offset=0&fields=title%2Csnippet%2Ctstamp%2ClinkToArchive%2ClinkToScreenshot%2CoriginalURL&siteSearch=www.expresso.pt (Caused by NameResolutionError("<urllib3.connection.HTTPSConnection object at 0x000002315ED09DF0>: Failed to resolve 'arquivo.pt' ([Errno 11001] getaddrinfo failed)")). Aguarda 25s...
    [AVISO] Tentativa 1/5: HTTPSConnectionPool(host='arquivo.pt', port=443): Max retries exceeded with url: /textsearch?q=sal%C3%A1rio+m%C3%A9dio+Portugal+rendimento+trabalhadores+INE&from=20000101&to=20241231&maxItems=50&offset=0&fields=title%2Csnippet%2Ctstamp%2ClinkToArchive%2ClinkToScreenshot%2CoriginalURL&siteSearch=www.expresso.pt (Caused by NameResolutionError("<urllib3.connection.HTTPSConnection object at 0x000002315ED0A720>: Failed to resolve 'arquivo.pt' ([Errno 11001] getaddrinfo failed)")). Aguarda 5s...
    [AVISO] Tentativa 2/5: HTTPSConnectionPool(host='arquivo.pt', port=443): Max retries exceeded with url: /textsearch?q=sal%C3%A1rio+m%C3%A9dio+Portugal+rendimento+trabalhadores+INE&from=20000101&to=20241231&maxItems=50&offset=0&fields=title%2Csnippet%2Ctstamp%2ClinkToArchive%2ClinkToScreenshot%2CoriginalURL&siteSearch=www.expresso.pt (Caused by NameResolutionError("<urllib3.connection.HTTPSConnection object at 0x000002315ED08EF0>: Failed to resolve 'arquivo.pt' ([Errno 11001] getaddrinfo failed)")). Aguarda 10s...
    [AVISO] Tentativa 3/5: HTTPSConnectionPool(host='arquivo.pt', port=443): Max retries exceeded with url: /textsearch?q=sal%C3%A1rio+m%C3%A9dio+Portugal+rendimento+trabalhadores+INE&from=20000101&to=20241231&maxItems=50&offset=0&fields=title%2Csnippet%2Ctstamp%2ClinkToArchive%2ClinkToScreenshot%2CoriginalURL&siteSearch=www.expresso.pt (Caused by NameResolutionError("<urllib3.connection.HTTPSConnection object at 0x000002315ECEB8C0>: Failed to resolve 'arquivo.pt' ([Errno 11001] getaddrinfo failed)")). Aguarda 15s...
    [AVISO] Tentativa 4/5: HTTPSConnectionPool(host='arquivo.pt', port=443): Max retries exceeded with url: /textsearch?q=sal%C3%A1rio+m%C3%A9dio+Portugal+rendimento+trabalhadores+INE&from=20000101&to=20241231&maxItems=50&offset=0&fields=title%2Csnippet%2Ctstamp%2ClinkToArchive%2ClinkToScreenshot%2CoriginalURL&siteSearch=www.expresso.pt (Caused by NameResolutionError("<urllib3.connection.HTTPSConnection object at 0x000002315C1E8140>: Failed to resolve 'arquivo.pt' ([Errno 11001] getaddrinfo failed)")). Aguarda 20s...
    [AVISO] Tentativa 5/5: HTTPSConnectionPool(host='arquivo.pt', port=443): Max retries exceeded with url: /textsearch?q=sal%C3%A1rio+m%C3%A9dio+Portugal+rendimento+trabalhadores+INE&from=20000101&to=20241231&maxItems=50&offset=0&fields=title%2Csnippet%2Ctstamp%2ClinkToArchive%2ClinkToScreenshot%2CoriginalURL&siteSearch=www.expresso.pt (Caused by NameResolutionError("<urllib3.connection.HTTPSConnection object at 0x000002315ED09610>: Failed to resolve 'arquivo.pt' ([Errno 11001] getaddrinfo failed)")). Aguarda 25s...
    [AVISO] Tentativa 1/5: HTTPSConnectionPool(host='arquivo.pt', port=443): Max retries exceeded with url: /textsearch?q=sal%C3%A1rio+m%C3%ADnimo+Portugal+aprovado+trabalhadores&from=19980101&to=20101231&maxItems=50&offset=0&fields=title%2Csnippet%2Ctstamp%2ClinkToArchive%2ClinkToScreenshot%2CoriginalURL&siteSearch=www.expresso.pt (Caused by NameResolutionError("<urllib3.connection.HTTPSConnection object at 0x000002315ED08F80>: Failed to resolve 'arquivo.pt' ([Errno 11001] getaddrinfo failed)")). Aguarda 5s...
    [AVISO] Tentativa 2/5: HTTPSConnectionPool(host='arquivo.pt', port=443): Max retries exceeded with url: /textsearch?q=sal%C3%A1rio+m%C3%ADnimo+Portugal+aprovado+trabalhadores&from=19980101&to=20101231&maxItems=50&offset=0&fields=title%2Csnippet%2Ctstamp%2ClinkToArchive%2ClinkToScreenshot%2CoriginalURL&siteSearch=www.expresso.pt (Caused by NameResolutionError("<urllib3.connection.HTTPSConnection object at 0x000002315ED0B0B0>: Failed to resolve 'arquivo.pt' ([Errno 11001] getaddrinfo failed)")). Aguarda 10s...
    [AVISO] Tentativa 3/5: HTTPSConnectionPool(host='arquivo.pt', port=443): Max retries exceeded with url: /textsearch?q=sal%C3%A1rio+m%C3%ADnimo+Portugal+aprovado+trabalhadores&from=19980101&to=20101231&maxItems=50&offset=0&fields=title%2Csnippet%2Ctstamp%2ClinkToArchive%2ClinkToScreenshot%2CoriginalURL&siteSearch=www.expresso.pt (Caused by NameResolutionError("<urllib3.connection.HTTPSConnection object at 0x000002315ED0B800>: Failed to resolve 'arquivo.pt' ([Errno 11001] getaddrinfo failed)")). Aguarda 15s...
    [AVISO] Tentativa 4/5: HTTPSConnectionPool(host='arquivo.pt', port=443): Max retries exceeded with url: /textsearch?q=sal%C3%A1rio+m%C3%ADnimo+Portugal+aprovado+trabalhadores&from=19980101&to=20101231&maxItems=50&offset=0&fields=title%2Csnippet%2Ctstamp%2ClinkToArchive%2ClinkToScreenshot%2CoriginalURL&siteSearch=www.expresso.pt (Caused by NameResolutionError("<urllib3.connection.HTTPSConnection object at 0x000002315EC34C50>: Failed to resolve 'arquivo.pt' ([Errno 11001] getaddrinfo failed)")). Aguarda 20s...
    [AVISO] Tentativa 5/5: HTTPSConnectionPool(host='arquivo.pt', port=443): Max retries exceeded with url: /textsearch?q=sal%C3%A1rio+m%C3%ADnimo+Portugal+aprovado+trabalhadores&from=19980101&to=20101231&maxItems=50&offset=0&fields=title%2Csnippet%2Ctstamp%2ClinkToArchive%2ClinkToScreenshot%2CoriginalURL&siteSearch=www.expresso.pt (Caused by NameResolutionError("<urllib3.connection.HTTPSConnection object at 0x000002315ECEB980>: Failed to resolve 'arquivo.pt' ([Errno 11001] getaddrinfo failed)")). Aguarda 25s...
    [AVISO] Tentativa 1/5: HTTPSConnectionPool(host='arquivo.pt', port=443): Max retries exceeded with url: /textsearch?q=sal%C3%A1rio+m%C3%ADnimo+Portugal+aprovado+trabalhadores&from=20100101&to=20241231&maxItems=50&offset=0&fields=title%2Csnippet%2Ctstamp%2ClinkToArchive%2ClinkToScreenshot%2CoriginalURL&siteSearch=www.expresso.pt (Caused by NameResolutionError("<urllib3.connection.HTTPSConnection object at 0x000002315ED0B1D0>: Failed to resolve 'arquivo.pt' ([Errno 11001] getaddrinfo failed)")). Aguarda 5s...
    [AVISO] Tentativa 2/5: HTTPSConnectionPool(host='arquivo.pt', port=443): Max retries exceeded with url: /textsearch?q=sal%C3%A1rio+m%C3%ADnimo+Portugal+aprovado+trabalhadores&from=20100101&to=20241231&maxItems=50&offset=0&fields=title%2Csnippet%2Ctstamp%2ClinkToArchive%2ClinkToScreenshot%2CoriginalURL&siteSearch=www.expresso.pt (Caused by NameResolutionError("<urllib3.connection.HTTPSConnection object at 0x000002315ED084A0>: Failed to resolve 'arquivo.pt' ([Errno 11001] getaddrinfo failed)")). Aguarda 10s...
    [AVISO] Tentativa 3/5: HTTPSConnectionPool(host='arquivo.pt', port=443): Max retries exceeded with url: /textsearch?q=sal%C3%A1rio+m%C3%ADnimo+Portugal+aprovado+trabalhadores&from=20100101&to=20241231&maxItems=50&offset=0&fields=title%2Csnippet%2Ctstamp%2ClinkToArchive%2ClinkToScreenshot%2CoriginalURL&siteSearch=www.expresso.pt (Caused by NameResolutionError("<urllib3.connection.HTTPSConnection object at 0x000002315ED0A870>: Failed to resolve 'arquivo.pt' ([Errno 11001] getaddrinfo failed)")). Aguarda 15s...
    [AVISO] Tentativa 4/5: HTTPSConnectionPool(host='arquivo.pt', port=443): Max retries exceeded with url: /textsearch?q=sal%C3%A1rio+m%C3%ADnimo+Portugal+aprovado+trabalhadores&from=20100101&to=20241231&maxItems=50&offset=0&fields=title%2Csnippet%2Ctstamp%2ClinkToArchive%2ClinkToScreenshot%2CoriginalURL&siteSearch=www.expresso.pt (Caused by NameResolutionError("<urllib3.connection.HTTPSConnection object at 0x000002315ED088F0>: Failed to resolve 'arquivo.pt' ([Errno 11001] getaddrinfo failed)")). Aguarda 20s...
    [AVISO] Tentativa 5/5: HTTPSConnectionPool(host='arquivo.pt', port=443): Max retries exceeded with url: /textsearch?q=sal%C3%A1rio+m%C3%ADnimo+Portugal+aprovado+trabalhadores&from=20100101&to=20241231&maxItems=50&offset=0&fields=title%2Csnippet%2Ctstamp%2ClinkToArchive%2ClinkToScreenshot%2CoriginalURL&siteSearch=www.expresso.pt (Caused by NameResolutionError("<urllib3.connection.HTTPSConnection object at 0x000002315ED08140>: Failed to resolve 'arquivo.pt' ([Errno 11001] getaddrinfo failed)")). Aguarda 25s...
    [AVISO] Tentativa 1/5: HTTPSConnectionPool(host='arquivo.pt', port=443): Max retries exceeded with url: /textsearch?q=infla%C3%A7%C3%A3o+Portugal+taxa+IPC+pre%C3%A7os+subida&from=19960101&to=20051231&maxItems=50&offset=0&fields=title%2Csnippet%2Ctstamp%2ClinkToArchive%2ClinkToScreenshot%2CoriginalURL&siteSearch=www.expresso.pt (Caused by NameResolutionError("<urllib3.connection.HTTPSConnection object at 0x000002315ED097C0>: Failed to resolve 'arquivo.pt' ([Errno 11001] getaddrinfo failed)")). Aguarda 5s...
    [AVISO] Tentativa 2/5: HTTPSConnectionPool(host='arquivo.pt', port=443): Max retries exceeded with url: /textsearch?q=infla%C3%A7%C3%A3o+Portugal+taxa+IPC+pre%C3%A7os+subida&from=19960101&to=20051231&maxItems=50&offset=0&fields=title%2Csnippet%2Ctstamp%2ClinkToArchive%2ClinkToScreenshot%2CoriginalURL&siteSearch=www.expresso.pt (Caused by NameResolutionError("<urllib3.connection.HTTPSConnection object at 0x000002315ED09E20>: Failed to resolve 'arquivo.pt' ([Errno 11001] getaddrinfo failed)")). Aguarda 10s...
    [AVISO] Tentativa 3/5: HTTPSConnectionPool(host='arquivo.pt', port=443): Max retries exceeded with url: /textsearch?q=infla%C3%A7%C3%A3o+Portugal+taxa+IPC+pre%C3%A7os+subida&from=19960101&to=20051231&maxItems=50&offset=0&fields=title%2Csnippet%2Ctstamp%2ClinkToArchive%2ClinkToScreenshot%2CoriginalURL&siteSearch=www.expresso.pt (Caused by NameResolutionError("<urllib3.connection.HTTPSConnection object at 0x000002315ED0B230>: Failed to resolve 'arquivo.pt' ([Errno 11001] getaddrinfo failed)")). Aguarda 15s...
    [AVISO] Tentativa 4/5: HTTPSConnectionPool(host='arquivo.pt', port=443): Max retries exceeded with url: /textsearch?q=infla%C3%A7%C3%A3o+Portugal+taxa+IPC+pre%C3%A7os+subida&from=19960101&to=20051231&maxItems=50&offset=0&fields=title%2Csnippet%2Ctstamp%2ClinkToArchive%2ClinkToScreenshot%2CoriginalURL&siteSearch=www.expresso.pt (Caused by NameResolutionError("<urllib3.connection.HTTPSConnection object at 0x000002315ED0AD20>: Failed to resolve 'arquivo.pt' ([Errno 11001] getaddrinfo failed)")). Aguarda 20s...
    [AVISO] Tentativa 5/5: HTTPSConnectionPool(host='arquivo.pt', port=443): Max retries exceeded with url: /textsearch?q=infla%C3%A7%C3%A3o+Portugal+taxa+IPC+pre%C3%A7os+subida&from=19960101&to=20051231&maxItems=50&offset=0&fields=title%2Csnippet%2Ctstamp%2ClinkToArchive%2ClinkToScreenshot%2CoriginalURL&siteSearch=www.expresso.pt (Caused by NameResolutionError("<urllib3.connection.HTTPSConnection object at 0x000002315ED0B8F0>: Failed to resolve 'arquivo.pt' ([Errno 11001] getaddrinfo failed)")). Aguarda 25s...
    [AVISO] Tentativa 1/5: HTTPSConnectionPool(host='arquivo.pt', port=443): Max retries exceeded with url: /textsearch?q=defla%C3%A7%C3%A3o+infla%C3%A7%C3%A3o+Portugal+pre%C3%A7os+consumidor+taxa&from=20090101&to=20151231&maxItems=50&offset=0&fields=title%2Csnippet%2Ctstamp%2ClinkToArchive%2ClinkToScreenshot%2CoriginalURL&siteSearch=www.expresso.pt (Caused by NameResolutionError("<urllib3.connection.HTTPSConnection object at 0x000002315ECEADB0>: Failed to resolve 'arquivo.pt' ([Errno 11001] getaddrinfo failed)")). Aguarda 5s...
    [AVISO] Tentativa 2/5: HTTPSConnectionPool(host='arquivo.pt', port=443): Max retries exceeded with url: /textsearch?q=defla%C3%A7%C3%A3o+infla%C3%A7%C3%A3o+Portugal+pre%C3%A7os+consumidor+taxa&from=20090101&to=20151231&maxItems=50&offset=0&fields=title%2Csnippet%2Ctstamp%2ClinkToArchive%2ClinkToScreenshot%2CoriginalURL&siteSearch=www.expresso.pt (Caused by NameResolutionError("<urllib3.connection.HTTPSConnection object at 0x000002315CA77AD0>: Failed to resolve 'arquivo.pt' ([Errno 11001] getaddrinfo failed)")). Aguarda 10s...
    [AVISO] Tentativa 3/5: HTTPSConnectionPool(host='arquivo.pt', port=443): Max retries exceeded with url: /textsearch?q=defla%C3%A7%C3%A3o+infla%C3%A7%C3%A3o+Portugal+pre%C3%A7os+consumidor+taxa&from=20090101&to=20151231&maxItems=50&offset=0&fields=title%2Csnippet%2Ctstamp%2ClinkToArchive%2ClinkToScreenshot%2CoriginalURL&siteSearch=www.expresso.pt (Caused by NameResolutionError("<urllib3.connection.HTTPSConnection object at 0x000002315ED0BDD0>: Failed to resolve 'arquivo.pt' ([Errno 11001] getaddrinfo failed)")). Aguarda 15s...
    [AVISO] Tentativa 4/5: HTTPSConnectionPool(host='arquivo.pt', port=443): Max retries exceeded with url: /textsearch?q=defla%C3%A7%C3%A3o+infla%C3%A7%C3%A3o+Portugal+pre%C3%A7os+consumidor+taxa&from=20090101&to=20151231&maxItems=50&offset=0&fields=title%2Csnippet%2Ctstamp%2ClinkToArchive%2ClinkToScreenshot%2CoriginalURL&siteSearch=www.expresso.pt (Caused by NameResolutionError("<urllib3.connection.HTTPSConnection object at 0x000002315ED0B9E0>: Failed to resolve 'arquivo.pt' ([Errno 11001] getaddrinfo failed)")). Aguarda 20s...
    [AVISO] Tentativa 5/5: HTTPSConnectionPool(host='arquivo.pt', port=443): Max retries exceeded with url: /textsearch?q=defla%C3%A7%C3%A3o+infla%C3%A7%C3%A3o+Portugal+pre%C3%A7os+consumidor+taxa&from=20090101&to=20151231&maxItems=50&offset=0&fields=title%2Csnippet%2Ctstamp%2ClinkToArchive%2ClinkToScreenshot%2CoriginalURL&siteSearch=www.expresso.pt (Caused by NameResolutionError("<urllib3.connection.HTTPSConnection object at 0x000002315ED0ABA0>: Failed to resolve 'arquivo.pt' ([Errno 11001] getaddrinfo failed)")). Aguarda 25s...
    [AVISO] Tentativa 1/5: HTTPSConnectionPool(host='arquivo.pt', port=443): Max retries exceeded with url: /textsearch?q=infla%C3%A7%C3%A3o+Portugal+pre%C3%A7os+consumidor+taxa+anual&from=20150101&to=20211231&maxItems=50&offset=0&fields=title%2Csnippet%2Ctstamp%2ClinkToArchive%2ClinkToScreenshot%2CoriginalURL&siteSearch=www.expresso.pt (Caused by NameResolutionError("<urllib3.connection.HTTPSConnection object at 0x000002315ED0AE10>: Failed to resolve 'arquivo.pt' ([Errno 11001] getaddrinfo failed)")). Aguarda 5s...
    [AVISO] Tentativa 2/5: HTTPSConnectionPool(host='arquivo.pt', port=443): Max retries exceeded with url: /textsearch?q=infla%C3%A7%C3%A3o+Portugal+pre%C3%A7os+consumidor+taxa+anual&from=20150101&to=20211231&maxItems=50&offset=0&fields=title%2Csnippet%2Ctstamp%2ClinkToArchive%2ClinkToScreenshot%2CoriginalURL&siteSearch=www.expresso.pt (Caused by NameResolutionError("<urllib3.connection.HTTPSConnection object at 0x000002315ECEA240>: Failed to resolve 'arquivo.pt' ([Errno 11001] getaddrinfo failed)")). Aguarda 10s...
    [AVISO] Tentativa 3/5: HTTPSConnectionPool(host='arquivo.pt', port=443): Max retries exceeded with url: /textsearch?q=infla%C3%A7%C3%A3o+Portugal+pre%C3%A7os+consumidor+taxa+anual&from=20150101&to=20211231&maxItems=50&offset=0&fields=title%2Csnippet%2Ctstamp%2ClinkToArchive%2ClinkToScreenshot%2CoriginalURL&siteSearch=www.expresso.pt (Caused by NameResolutionError("<urllib3.connection.HTTPSConnection object at 0x000002315ECEBA70>: Failed to resolve 'arquivo.pt' ([Errno 11001] getaddrinfo failed)")). Aguarda 15s...
    [AVISO] Tentativa 4/5: HTTPSConnectionPool(host='arquivo.pt', port=443): Max retries exceeded with url: /textsearch?q=infla%C3%A7%C3%A3o+Portugal+pre%C3%A7os+consumidor+taxa+anual&from=20150101&to=20211231&maxItems=50&offset=0&fields=title%2Csnippet%2Ctstamp%2ClinkToArchive%2ClinkToScreenshot%2CoriginalURL&siteSearch=www.expresso.pt (Caused by NameResolutionError("<urllib3.connection.HTTPSConnection object at 0x000002315ED0B170>: Failed to resolve 'arquivo.pt' ([Errno 11001] getaddrinfo failed)")). Aguarda 20s...
    [AVISO] Tentativa 5/5: HTTPSConnectionPool(host='arquivo.pt', port=443): Max retries exceeded with url: /textsearch?q=infla%C3%A7%C3%A3o+Portugal+pre%C3%A7os+consumidor+taxa+anual&from=20150101&to=20211231&maxItems=50&offset=0&fields=title%2Csnippet%2Ctstamp%2ClinkToArchive%2ClinkToScreenshot%2CoriginalURL&siteSearch=www.expresso.pt (Caused by NameResolutionError("<urllib3.connection.HTTPSConnection object at 0x000002315ED0B230>: Failed to resolve 'arquivo.pt' ([Errno 11001] getaddrinfo failed)")). Aguarda 25s...
    [AVISO] Tentativa 1/5: HTTPSConnectionPool(host='arquivo.pt', port=443): Max retries exceeded with url: /textsearch?q=infla%C3%A7%C3%A3o+Portugal+recorde+pre%C3%A7os+fam%C3%ADlias+energia&from=20220101&to=20241231&maxItems=50&offset=0&fields=title%2Csnippet%2Ctstamp%2ClinkToArchive%2ClinkToScreenshot%2CoriginalURL&siteSearch=www.expresso.pt (Caused by NameResolutionError("<urllib3.connection.HTTPSConnection object at 0x000002315ED0B9E0>: Failed to resolve 'arquivo.pt' ([Errno 11001] getaddrinfo failed)")). Aguarda 5s...
    [AVISO] Tentativa 2/5: HTTPSConnectionPool(host='arquivo.pt', port=443): Max retries exceeded with url: /textsearch?q=infla%C3%A7%C3%A3o+Portugal+recorde+pre%C3%A7os+fam%C3%ADlias+energia&from=20220101&to=20241231&maxItems=50&offset=0&fields=title%2Csnippet%2Ctstamp%2ClinkToArchive%2ClinkToScreenshot%2CoriginalURL&siteSearch=www.expresso.pt (Caused by NameResolutionError("<urllib3.connection.HTTPSConnection object at 0x000002315ED0A7E0>: Failed to resolve 'arquivo.pt' ([Errno 11001] getaddrinfo failed)")). Aguarda 10s...
    [AVISO] Tentativa 3/5: HTTPSConnectionPool(host='arquivo.pt', port=443): Max retries exceeded with url: /textsearch?q=infla%C3%A7%C3%A3o+Portugal+recorde+pre%C3%A7os+fam%C3%ADlias+energia&from=20220101&to=20241231&maxItems=50&offset=0&fields=title%2Csnippet%2Ctstamp%2ClinkToArchive%2ClinkToScreenshot%2CoriginalURL&siteSearch=www.expresso.pt (Caused by NameResolutionError("<urllib3.connection.HTTPSConnection object at 0x000002315EC86300>: Failed to resolve 'arquivo.pt' ([Errno 11001] getaddrinfo failed)")). Aguarda 15s...
    [AVISO] Tentativa 4/5: HTTPSConnectionPool(host='arquivo.pt', port=443): Max retries exceeded with url: /textsearch?q=infla%C3%A7%C3%A3o+Portugal+recorde+pre%C3%A7os+fam%C3%ADlias+energia&from=20220101&to=20241231&maxItems=50&offset=0&fields=title%2Csnippet%2Ctstamp%2ClinkToArchive%2ClinkToScreenshot%2CoriginalURL&siteSearch=www.expresso.pt (Caused by NameResolutionError("<urllib3.connection.HTTPSConnection object at 0x000002315ECEBDD0>: Failed to resolve 'arquivo.pt' ([Errno 11001] getaddrinfo failed)")). Aguarda 20s...
    [AVISO] Tentativa 5/5: HTTPSConnectionPool(host='arquivo.pt', port=443): Max retries exceeded with url: /textsearch?q=infla%C3%A7%C3%A3o+Portugal+recorde+pre%C3%A7os+fam%C3%ADlias+energia&from=20220101&to=20241231&maxItems=50&offset=0&fields=title%2Csnippet%2Ctstamp%2ClinkToArchive%2ClinkToScreenshot%2CoriginalURL&siteSearch=www.expresso.pt (Caused by NameResolutionError("<urllib3.connection.HTTPSConnection object at 0x000002315ED0B320>: Failed to resolve 'arquivo.pt' ([Errno 11001] getaddrinfo failed)")). Aguarda 25s...
    [AVISO] Tentativa 1/5: HTTPSConnectionPool(host='arquivo.pt', port=443): Max retries exceeded with url: /textsearch?q=cabaz+alimentar+supermercado+pre%C3%A7os+Portugal+fam%C3%ADlias&from=20050101&to=20241231&maxItems=50&offset=0&fields=title%2Csnippet%2Ctstamp%2ClinkToArchive%2ClinkToScreenshot%2CoriginalURL&siteSearch=www.expresso.pt (Caused by NameResolutionError("<urllib3.connection.HTTPSConnection object at 0x000002315ED08F20>: Failed to resolve 'arquivo.pt' ([Errno 11001] getaddrinfo failed)")). Aguarda 5s...
    [AVISO] Tentativa 2/5: HTTPSConnectionPool(host='arquivo.pt', port=443): Max retries exceeded with url: /textsearch?q=cabaz+alimentar+supermercado+pre%C3%A7os+Portugal+fam%C3%ADlias&from=20050101&to=20241231&maxItems=50&offset=0&fields=title%2Csnippet%2Ctstamp%2ClinkToArchive%2ClinkToScreenshot%2CoriginalURL&siteSearch=www.expresso.pt (Caused by NameResolutionError("<urllib3.connection.HTTPSConnection object at 0x000002315ED0AAB0>: Failed to resolve 'arquivo.pt' ([Errno 11001] getaddrinfo failed)")). Aguarda 10s...
    [AVISO] Tentativa 3/5: HTTPSConnectionPool(host='arquivo.pt', port=443): Max retries exceeded with url: /textsearch?q=cabaz+alimentar+supermercado+pre%C3%A7os+Portugal+fam%C3%ADlias&from=20050101&to=20241231&maxItems=50&offset=0&fields=title%2Csnippet%2Ctstamp%2ClinkToArchive%2ClinkToScreenshot%2CoriginalURL&siteSearch=www.expresso.pt (Caused by NameResolutionError("<urllib3.connection.HTTPSConnection object at 0x000002315ED0B770>: Failed to resolve 'arquivo.pt' ([Errno 11001] getaddrinfo failed)")). Aguarda 15s...
    [AVISO] Tentativa 4/5: HTTPSConnectionPool(host='arquivo.pt', port=443): Max retries exceeded with url: /textsearch?q=cabaz+alimentar+supermercado+pre%C3%A7os+Portugal+fam%C3%ADlias&from=20050101&to=20241231&maxItems=50&offset=0&fields=title%2Csnippet%2Ctstamp%2ClinkToArchive%2ClinkToScreenshot%2CoriginalURL&siteSearch=www.expresso.pt (Caused by NameResolutionError("<urllib3.connection.HTTPSConnection object at 0x000002315ED0BD10>: Failed to resolve 'arquivo.pt' ([Errno 11001] getaddrinfo failed)")). Aguarda 20s...
    [AVISO] Tentativa 5/5: HTTPSConnectionPool(host='arquivo.pt', port=443): Max retries exceeded with url: /textsearch?q=cabaz+alimentar+supermercado+pre%C3%A7os+Portugal+fam%C3%ADlias&from=20050101&to=20241231&maxItems=50&offset=0&fields=title%2Csnippet%2Ctstamp%2ClinkToArchive%2ClinkToScreenshot%2CoriginalURL&siteSearch=www.expresso.pt (Caused by NameResolutionError("<urllib3.connection.HTTPSConnection object at 0x000002315ECEB110>: Failed to resolve 'arquivo.pt' ([Errno 11001] getaddrinfo failed)")). Aguarda 25s...
    [AVISO] Tentativa 1/5: HTTPSConnectionPool(host='arquivo.pt', port=443): Max retries exceeded with url: /textsearch?q=electricidade+g%C3%A1s+fatura+pre%C3%A7o+dom%C3%A9stica+Portugal&from=20080101&to=20241231&maxItems=50&offset=0&fields=title%2Csnippet%2Ctstamp%2ClinkToArchive%2ClinkToScreenshot%2CoriginalURL&siteSearch=www.expresso.pt (Caused by NameResolutionError("<urllib3.connection.HTTPSConnection object at 0x000002315ED0B770>: Failed to resolve 'arquivo.pt' ([Errno 11001] getaddrinfo failed)")). Aguarda 5s...
    [AVISO] Tentativa 2/5: HTTPSConnectionPool(host='arquivo.pt', port=443): Max retries exceeded with url: /textsearch?q=electricidade+g%C3%A1s+fatura+pre%C3%A7o+dom%C3%A9stica+Portugal&from=20080101&to=20241231&maxItems=50&offset=0&fields=title%2Csnippet%2Ctstamp%2ClinkToArchive%2ClinkToScreenshot%2CoriginalURL&siteSearch=www.expresso.pt (Caused by NameResolutionError("<urllib3.connection.HTTPSConnection object at 0x000002315ED0AAB0>: Failed to resolve 'arquivo.pt' ([Errno 11001] getaddrinfo failed)")). Aguarda 10s...
    [AVISO] Tentativa 3/5: HTTPSConnectionPool(host='arquivo.pt', port=443): Max retries exceeded with url: /textsearch?q=electricidade+g%C3%A1s+fatura+pre%C3%A7o+dom%C3%A9stica+Portugal&from=20080101&to=20241231&maxItems=50&offset=0&fields=title%2Csnippet%2Ctstamp%2ClinkToArchive%2ClinkToScreenshot%2CoriginalURL&siteSearch=www.expresso.pt (Caused by NameResolutionError("<urllib3.connection.HTTPSConnection object at 0x000002315ED08F20>: Failed to resolve 'arquivo.pt' ([Errno 11001] getaddrinfo failed)")). Aguarda 15s...
    [AVISO] Tentativa 4/5: HTTPSConnectionPool(host='arquivo.pt', port=443): Max retries exceeded with url: /textsearch?q=electricidade+g%C3%A1s+fatura+pre%C3%A7o+dom%C3%A9stica+Portugal&from=20080101&to=20241231&maxItems=50&offset=0&fields=title%2Csnippet%2Ctstamp%2ClinkToArchive%2ClinkToScreenshot%2CoriginalURL&siteSearch=www.expresso.pt (Caused by NameResolutionError("<urllib3.connection.HTTPSConnection object at 0x000002315ED08680>: Failed to resolve 'arquivo.pt' ([Errno 11001] getaddrinfo failed)")). Aguarda 20s...
    [AVISO] Tentativa 5/5: HTTPSConnectionPool(host='arquivo.pt', port=443): Max retries exceeded with url: /textsearch?q=electricidade+g%C3%A1s+fatura+pre%C3%A7o+dom%C3%A9stica+Portugal&from=20080101&to=20241231&maxItems=50&offset=0&fields=title%2Csnippet%2Ctstamp%2ClinkToArchive%2ClinkToScreenshot%2CoriginalURL&siteSearch=www.expresso.pt (Caused by NameResolutionError("<urllib3.connection.HTTPSConnection object at 0x000002315ECEBB00>: Failed to resolve 'arquivo.pt' ([Errno 11001] getaddrinfo failed)")). Aguarda 25s...
    [AVISO] Tentativa 1/5: HTTPSConnectionPool(host='arquivo.pt', port=443): Max retries exceeded with url: /textsearch?q=carestia+de+vida+pre%C3%A7os+Portugal+fam%C3%ADlias&from=19960101&to=20101231&maxItems=50&offset=0&fields=title%2Csnippet%2Ctstamp%2ClinkToArchive%2ClinkToScreenshot%2CoriginalURL&siteSearch=www.expresso.pt (Caused by NameResolutionError("<urllib3.connection.HTTPSConnection object at 0x000002315ECE9F10>: Failed to resolve 'arquivo.pt' ([Errno 11001] getaddrinfo failed)")). Aguarda 5s...
    [AVISO] Tentativa 2/5: HTTPSConnectionPool(host='arquivo.pt', port=443): Max retries exceeded with url: /textsearch?q=carestia+de+vida+pre%C3%A7os+Portugal+fam%C3%ADlias&from=19960101&to=20101231&maxItems=50&offset=0&fields=title%2Csnippet%2Ctstamp%2ClinkToArchive%2ClinkToScreenshot%2CoriginalURL&siteSearch=www.expresso.pt (Caused by NameResolutionError("<urllib3.connection.HTTPSConnection object at 0x000002315E297410>: Failed to resolve 'arquivo.pt' ([Errno 11001] getaddrinfo failed)")). Aguarda 10s...
    [AVISO] Tentativa 3/5: HTTPSConnectionPool(host='arquivo.pt', port=443): Max retries exceeded with url: /textsearch?q=carestia+de+vida+pre%C3%A7os+Portugal+fam%C3%ADlias&from=19960101&to=20101231&maxItems=50&offset=0&fields=title%2Csnippet%2Ctstamp%2ClinkToArchive%2ClinkToScreenshot%2CoriginalURL&siteSearch=www.expresso.pt (Caused by NameResolutionError("<urllib3.connection.HTTPSConnection object at 0x000002315ED0A270>: Failed to resolve 'arquivo.pt' ([Errno 11001] getaddrinfo failed)")). Aguarda 15s...
    [AVISO] Tentativa 4/5: HTTPSConnectionPool(host='arquivo.pt', port=443): Max retries exceeded with url: /textsearch?q=carestia+de+vida+pre%C3%A7os+Portugal+fam%C3%ADlias&from=19960101&to=20101231&maxItems=50&offset=0&fields=title%2Csnippet%2Ctstamp%2ClinkToArchive%2ClinkToScreenshot%2CoriginalURL&siteSearch=www.expresso.pt (Caused by NameResolutionError("<urllib3.connection.HTTPSConnection object at 0x000002315ED0AA50>: Failed to resolve 'arquivo.pt' ([Errno 11001] getaddrinfo failed)")). Aguarda 20s...
    [AVISO] Tentativa 5/5: HTTPSConnectionPool(host='arquivo.pt', port=443): Max retries exceeded with url: /textsearch?q=carestia+de+vida+pre%C3%A7os+Portugal+fam%C3%ADlias&from=19960101&to=20101231&maxItems=50&offset=0&fields=title%2Csnippet%2Ctstamp%2ClinkToArchive%2ClinkToScreenshot%2CoriginalURL&siteSearch=www.expresso.pt (Caused by NameResolutionError("<urllib3.connection.HTTPSConnection object at 0x000002315ED0ABA0>: Failed to resolve 'arquivo.pt' ([Errno 11001] getaddrinfo failed)")). Aguarda 25s...
    [AVISO] Tentativa 1/5: HTTPSConnectionPool(host='arquivo.pt', port=443): Max retries exceeded with url: /textsearch?q=custo+de+vida+Portugal+pre%C3%A7os+fam%C3%ADlias+caro&from=19980101&to=20101231&maxItems=50&offset=0&fields=title%2Csnippet%2Ctstamp%2ClinkToArchive%2ClinkToScreenshot%2CoriginalURL&siteSearch=www.expresso.pt (Caused by NameResolutionError("<urllib3.connection.HTTPSConnection object at 0x000002315ED0BEC0>: Failed to resolve 'arquivo.pt' ([Errno 11001] getaddrinfo failed)")). Aguarda 5s...
    [AVISO] Tentativa 2/5: HTTPSConnectionPool(host='arquivo.pt', port=443): Max retries exceeded with url: /textsearch?q=custo+de+vida+Portugal+pre%C3%A7os+fam%C3%ADlias+caro&from=19980101&to=20101231&maxItems=50&offset=0&fields=title%2Csnippet%2Ctstamp%2ClinkToArchive%2ClinkToScreenshot%2CoriginalURL&siteSearch=www.expresso.pt (Caused by NameResolutionError("<urllib3.connection.HTTPSConnection object at 0x000002315ED09B50>: Failed to resolve 'arquivo.pt' ([Errno 11001] getaddrinfo failed)")). Aguarda 10s...
    [AVISO] Tentativa 3/5: HTTPSConnectionPool(host='arquivo.pt', port=443): Max retries exceeded with url: /textsearch?q=custo+de+vida+Portugal+pre%C3%A7os+fam%C3%ADlias+caro&from=19980101&to=20101231&maxItems=50&offset=0&fields=title%2Csnippet%2Ctstamp%2ClinkToArchive%2ClinkToScreenshot%2CoriginalURL&siteSearch=www.expresso.pt (Caused by NameResolutionError("<urllib3.connection.HTTPSConnection object at 0x000002315ED0A4E0>: Failed to resolve 'arquivo.pt' ([Errno 11001] getaddrinfo failed)")). Aguarda 15s...
    [AVISO] Tentativa 4/5: HTTPSConnectionPool(host='arquivo.pt', port=443): Max retries exceeded with url: /textsearch?q=custo+de+vida+Portugal+pre%C3%A7os+fam%C3%ADlias+caro&from=19980101&to=20101231&maxItems=50&offset=0&fields=title%2Csnippet%2Ctstamp%2ClinkToArchive%2ClinkToScreenshot%2CoriginalURL&siteSearch=www.expresso.pt (Caused by NameResolutionError("<urllib3.connection.HTTPSConnection object at 0x000002315ED08830>: Failed to resolve 'arquivo.pt' ([Errno 11001] getaddrinfo failed)")). Aguarda 20s...
    [AVISO] Tentativa 5/5: HTTPSConnectionPool(host='arquivo.pt', port=443): Max retries exceeded with url: /textsearch?q=custo+de+vida+Portugal+pre%C3%A7os+fam%C3%ADlias+caro&from=19980101&to=20101231&maxItems=50&offset=0&fields=title%2Csnippet%2Ctstamp%2ClinkToArchive%2ClinkToScreenshot%2CoriginalURL&siteSearch=www.expresso.pt (Caused by NameResolutionError("<urllib3.connection.HTTPSConnection object at 0x000002315ED0B0E0>: Failed to resolve 'arquivo.pt' ([Errno 11001] getaddrinfo failed)")). Aguarda 25s...
    [AVISO] Tentativa 1/5: HTTPSConnectionPool(host='arquivo.pt', port=443): Max retries exceeded with url: /textsearch?q=custo+de+vida+Portugal+pre%C3%A7os+fam%C3%ADlias+caro&from=20100101&to=20241231&maxItems=50&offset=0&fields=title%2Csnippet%2Ctstamp%2ClinkToArchive%2ClinkToScreenshot%2CoriginalURL&siteSearch=www.expresso.pt (Caused by NameResolutionError("<urllib3.connection.HTTPSConnection object at 0x000002315E295040>: Failed to resolve 'arquivo.pt' ([Errno 11001] getaddrinfo failed)")). Aguarda 5s...
    [AVISO] Tentativa 2/5: HTTPSConnectionPool(host='arquivo.pt', port=443): Max retries exceeded with url: /textsearch?q=custo+de+vida+Portugal+pre%C3%A7os+fam%C3%ADlias+caro&from=20100101&to=20241231&maxItems=50&offset=0&fields=title%2Csnippet%2Ctstamp%2ClinkToArchive%2ClinkToScreenshot%2CoriginalURL&siteSearch=www.expresso.pt (Caused by NameResolutionError("<urllib3.connection.HTTPSConnection object at 0x000002315ECEB230>: Failed to resolve 'arquivo.pt' ([Errno 11001] getaddrinfo failed)")). Aguarda 10s...
    [AVISO] Tentativa 3/5: HTTPSConnectionPool(host='arquivo.pt', port=443): Max retries exceeded with url: /textsearch?q=custo+de+vida+Portugal+pre%C3%A7os+fam%C3%ADlias+caro&from=20100101&to=20241231&maxItems=50&offset=0&fields=title%2Csnippet%2Ctstamp%2ClinkToArchive%2ClinkToScreenshot%2CoriginalURL&siteSearch=www.expresso.pt (Caused by NameResolutionError("<urllib3.connection.HTTPSConnection object at 0x000002315ED22150>: Failed to resolve 'arquivo.pt' ([Errno 11001] getaddrinfo failed)")). Aguarda 15s...
    [AVISO] Tentativa 4/5: HTTPSConnectionPool(host='arquivo.pt', port=443): Max retries exceeded with url: /textsearch?q=custo+de+vida+Portugal+pre%C3%A7os+fam%C3%ADlias+caro&from=20100101&to=20241231&maxItems=50&offset=0&fields=title%2Csnippet%2Ctstamp%2ClinkToArchive%2ClinkToScreenshot%2CoriginalURL&siteSearch=www.expresso.pt (Caused by NameResolutionError("<urllib3.connection.HTTPSConnection object at 0x000002315EC86F00>: Failed to resolve 'arquivo.pt' ([Errno 11001] getaddrinfo failed)")). Aguarda 20s...
    [AVISO] Tentativa 5/5: HTTPSConnectionPool(host='arquivo.pt', port=443): Max retries exceeded with url: /textsearch?q=custo+de+vida+Portugal+pre%C3%A7os+fam%C3%ADlias+caro&from=20100101&to=20241231&maxItems=50&offset=0&fields=title%2Csnippet%2Ctstamp%2ClinkToArchive%2ClinkToScreenshot%2CoriginalURL&siteSearch=www.expresso.pt (Caused by NameResolutionError("<urllib3.connection.HTTPSConnection object at 0x000002315ED0B590>: Failed to resolve 'arquivo.pt' ([Errno 11001] getaddrinfo failed)")). Aguarda 25s...
    [AVISO] Tentativa 1/5: HTTPSConnectionPool(host='arquivo.pt', port=443): Max retries exceeded with url: /textsearch?q=taxa+desemprego+Portugal+INE+trabalhadores&from=20000101&to=20081231&maxItems=50&offset=0&fields=title%2Csnippet%2Ctstamp%2ClinkToArchive%2ClinkToScreenshot%2CoriginalURL&siteSearch=www.expresso.pt (Caused by NameResolutionError("<urllib3.connection.HTTPSConnection object at 0x000002315ED0B110>: Failed to resolve 'arquivo.pt' ([Errno 11001] getaddrinfo failed)")). Aguarda 5s...
    [AVISO] Tentativa 2/5: HTTPSConnectionPool(host='arquivo.pt', port=443): Max retries exceeded with url: /textsearch?q=taxa+desemprego+Portugal+INE+trabalhadores&from=20000101&to=20081231&maxItems=50&offset=0&fields=title%2Csnippet%2Ctstamp%2ClinkToArchive%2ClinkToScreenshot%2CoriginalURL&siteSearch=www.expresso.pt (Caused by NameResolutionError("<urllib3.connection.HTTPSConnection object at 0x000002315ED0A660>: Failed to resolve 'arquivo.pt' ([Errno 11001] getaddrinfo failed)")). Aguarda 10s...
    [AVISO] Tentativa 3/5: HTTPSConnectionPool(host='arquivo.pt', port=443): Max retries exceeded with url: /textsearch?q=taxa+desemprego+Portugal+INE+trabalhadores&from=20000101&to=20081231&maxItems=50&offset=0&fields=title%2Csnippet%2Ctstamp%2ClinkToArchive%2ClinkToScreenshot%2CoriginalURL&siteSearch=www.expresso.pt (Caused by NameResolutionError("<urllib3.connection.HTTPSConnection object at 0x000002315ED08B30>: Failed to resolve 'arquivo.pt' ([Errno 11001] getaddrinfo failed)")). Aguarda 15s...
    [AVISO] Tentativa 4/5: HTTPSConnectionPool(host='arquivo.pt', port=443): Max retries exceeded with url: /textsearch?q=taxa+desemprego+Portugal+INE+trabalhadores&from=20000101&to=20081231&maxItems=50&offset=0&fields=title%2Csnippet%2Ctstamp%2ClinkToArchive%2ClinkToScreenshot%2CoriginalURL&siteSearch=www.expresso.pt (Caused by NameResolutionError("<urllib3.connection.HTTPSConnection object at 0x000002315ED22090>: Failed to resolve 'arquivo.pt' ([Errno 11001] getaddrinfo failed)")). Aguarda 20s...
    [AVISO] Tentativa 5/5: HTTPSConnectionPool(host='arquivo.pt', port=443): Max retries exceeded with url: /textsearch?q=taxa+desemprego+Portugal+INE+trabalhadores&from=20000101&to=20081231&maxItems=50&offset=0&fields=title%2Csnippet%2Ctstamp%2ClinkToArchive%2ClinkToScreenshot%2CoriginalURL&siteSearch=www.expresso.pt (Caused by NameResolutionError("<urllib3.connection.HTTPSConnection object at 0x000002315ED091F0>: Failed to resolve 'arquivo.pt' ([Errno 11001] getaddrinfo failed)")). Aguarda 25s...
  [OK] desemp_sv_98_10: 2 | total expresso: 10
  [OK] ctx_euro_99_03: 1 | total expresso: 11
  => expresso: 11 snippets

────────────────────────────────────────────────────────────
  JORNAL: jn (www.jn.pt)
────────────────────────────────────────────────────────────
  [OK] hab_renda_10_24: 2 | total jn: 2
  [OK] hab_aval_03_12: 1 | total jn: 3
  [OK] hab_crise_09_15: 2 | total jn: 5
  [OK] hab_troika_11_14: 2 | total jn: 7
  [OK] hab_boom_16_20: 1 | total jn: 8
  [OK] hab_acesso_19_24: 1 | total jn: 9
  [OK] hab_sv_10_24: 1 | total jn: 10
    [AVISO] Tentativa 1/5: ('Connection aborted.', ConnectionResetError(10054, 'Uma ligação existente foi forçada a fechar pelo anfitrião remoto', None, 10054, None)). Aguarda 5s...
  [OK] comb_crise_09_15: 5 | total jn: 15
  [OK] comb_normal_16_21: 1 | total jn: 16
  [OK] comb_gasoleo_00_24: 1 | total jn: 17
  [OK] comb_sv_10_24: 1 | total jn: 18
  [OK] sal_esc_96_02: 2 | total jn: 20
  [OK] sal_congela_11_14: 2 | total jn: 22
  [OK] sal_sobe_15_21: 1 | total jn: 23
  [OK] sal_poder_compra: 2 | total jn: 25
  [OK] sal_medio_00_24: 1 | total jn: 26
  [OK] sal_sv_98_10: 2 | total jn: 28
  [OK] sal_sv_10_24: 1 | total jn: 29
  [OK] inf_deflacao_09_15: 2 | total jn: 31
  [OK] inf_estavel_15_21: 1 | total jn: 32
  [OK] cv_cabaz_05_24: 2 | total jn: 34
  [OK] inf_sv_10_24: 2 | total jn: 36
  [OK] desemp_crise_09_14: 2 | total jn: 38
  [OK] desemp_recup_15_24: 1 | total jn: 39
  [OK] desemp_sv_10_24: 2 | total jn: 41
  [OK] ctx_euro_99_03: 1 | total jn: 42
  [OK] ctx_troika_11_14: 9 | total jn: 51
  [OK] ctx_recupera_15_19: 2 | total jn: 53
  [OK] ctx_covid_20_21: 6 | total jn: 59
  => jn: 59 snippets

────────────────────────────────────────────────────────────
  JORNAL: tsf (www.tsf.pt)
────────────────────────────────────────────────────────────
  [OK] hab_renda_10_24: 1 | total tsf: 1
  [OK] hab_crise_09_15: 2 | total tsf: 3
  [OK] hab_troika_11_14: 1 | total tsf: 4
  [OK] hab_boom_16_20: 3 | total tsf: 7
  [OK] hab_acesso_19_24: 1 | total tsf: 8
  [OK] hab_sv_98_10: 1 | total tsf: 9
  [OK] hab_sv_10_24: 1 | total tsf: 10
