======================================================================
RECOLHA Arquivo.pt — Custo Portugal v6
  Jornais: 9 | Queries principais: 49
  Queries Público extra: 8
  Combinações fase 1: 441
  Sleep: 1.3s | Timeout: 60s
  Duração estimada: 10–13 min
======================================================================

────────────────────────────────────────────────────────────
  JORNAL: publico (www.publico.pt)
────────────────────────────────────────────────────────────
  [OK] hab_renda_10_24: 1 | total publico: 1
  [OK] hab_aval_03_12: 2 | total publico: 3
  [OK] hab_crise_09_15: 2 | total publico: 5
  [OK] hab_troika_11_14: 4 | total publico: 9
  [OK] hab_boom_16_20: 2 | total publico: 11
  [OK] hab_sv_98_10: 2 | total publico: 13
  [OK] hab_sv_10_24: 2 | total publico: 15
  [OK] comb_crise_09_15: 2 | total publico: 17
  [OK] comb_normal_16_21: 1 | total publico: 18
  [OK] comb_gasoleo_00_24: 1 | total publico: 19
  [OK] comb_sv_10_24: 1 | total publico: 20
  [OK] sal_esc_96_02: 1 | total publico: 21
  [OK] sal_euros_02_10: 1 | total publico: 22
  [OK] sal_congela_11_14: 1 | total publico: 23
  [OK] sal_sobe_15_21: 3 | total publico: 26
  [OK] sal_poder_compra: 6 | total publico: 32
  [OK] sal_medio_00_24: 1 | total publico: 33
  [OK] sal_sv_98_10: 1 | total publico: 34
  [OK] sal_sv_10_24: 5 | total publico: 39
  [OK] inf_96_05: 1 | total publico: 40
  [OK] inf_deflacao_09_15: 2 | total publico: 42
  [OK] inf_estavel_15_21: 2 | total publico: 44
  [OK] cv_cabaz_05_24: 2 | total publico: 46
  [OK] cv_carestia_96_10: 2 | total publico: 48
  [OK] inf_sv_98_10: 2 | total publico: 50
  [OK] inf_sv_10_24: 3 | total publico: 53
  [OK] desemp_00_08: 1 | total publico: 54
  [OK] desemp_crise_09_14: 2 | total publico: 56
  [OK] desemp_recup_15_24: 3 | total publico: 59
  [OK] desemp_sv_98_10: 2 | total publico: 61
  [OK] desemp_sv_10_24: 3 | total publico: 64
  [OK] ctx_crise_08_11: 1 | total publico: 65
  [OK] ctx_troika_11_14: 6 | total publico: 71
  [OK] ctx_recupera_15_19: 10 | total publico: 81
  [OK] ctx_covid_20_21: 3 | total publico: 84
  => publico: 84 snippets

────────────────────────────────────────────────────────────
  JORNAL: dn (www.dn.pt)
────────────────────────────────────────────────────────────
  [OK] hab_renda_10_24: 2 | total dn: 2
  [OK] hab_aval_03_12: 2 | total dn: 4
  [OK] hab_crise_09_15: 2 | total dn: 6
  [OK] hab_troika_11_14: 1 | total dn: 7
  [OK] hab_boom_16_20: 4 | total dn: 11
  [OK] hab_acesso_19_24: 1 | total dn: 12
  [OK] hab_sv_10_24: 5 | total dn: 17
  [OK] comb_crise_09_15: 1 | total dn: 18
  [OK] comb_normal_16_21: 5 | total dn: 23
  [OK] comb_gasoleo_00_24: 1 | total dn: 24
  [OK] comb_sv_10_24: 2 | total dn: 26
  [OK] sal_esc_96_02: 2 | total dn: 28
  [OK] sal_euros_02_10: 1 | total dn: 29
  [OK] sal_congela_11_14: 2 | total dn: 31
  [OK] sal_sobe_15_21: 5 | total dn: 36
  [OK] sal_poder_compra: 10 | total dn: 46
  [OK] sal_medio_00_24: 1 | total dn: 47
  [OK] sal_sv_98_10: 1 | total dn: 48
  [OK] sal_sv_10_24: 3 | total dn: 51
  [OK] inf_deflacao_09_15: 2 | total dn: 53
  [OK] inf_estavel_15_21: 1 | total dn: 54
  [OK] cv_cabaz_05_24: 2 | total dn: 56
  [OK] cv_energia_08_24: 3 | total dn: 59
  [OK] inf_sv_10_24: 3 | total dn: 62
  [OK] desemp_00_08: 8 | total dn: 70
  [OK] desemp_crise_09_14: 2 | total dn: 72
  [OK] desemp_recup_15_24: 3 | total dn: 75
  [OK] desemp_sv_98_10: 8 | total dn: 83
  [OK] desemp_sv_10_24: 3 | total dn: 86
  [OK] ctx_euro_99_03: 2 | total dn: 88
  [OK] ctx_crise_08_11: 1 | total dn: 89
  [OK] ctx_troika_11_14: 3 | total dn: 92
  [OK] ctx_recupera_15_19: 6 | total dn: 98
  [OK] ctx_covid_20_21: 6 | total dn: 104
  => dn: 104 snippets

────────────────────────────────────────────────────────────
  JORNAL: expresso (www.expresso.pt)
────────────────────────────────────────────────────────────
  [OK] hab_esc_96_02: 2 | total expresso: 2
  [OK] hab_renda_96_10: 2 | total expresso: 4
  [OK] hab_sv_98_10: 2 | total expresso: 6
  [OK] comb_euros_02_08: 2 | total expresso: 8
  [OK] comb_gasoleo_00_24: 2 | total expresso: 10
  [OK] sal_esc_96_02: 1 | total expresso: 11
  [OK] sal_euros_02_10: 2 | total expresso: 13
  [OK] sal_sobe_15_21: 1 | total expresso: 14
  [OK] sal_poder_compra: 1 | total expresso: 15
  [OK] sal_sv_98_10: 1 | total expresso: 16
  [OK] inf_96_05: 2 | total expresso: 18
  [OK] inf_sv_98_10: 2 | total expresso: 20
  [OK] desemp_00_08: 2 | total expresso: 22
  [OK] desemp_sv_98_10: 2 | total expresso: 24
  [OK] ctx_euro_99_03: 1 | total expresso: 25
  => expresso: 25 snippets

────────────────────────────────────────────────────────────
  JORNAL: jn (www.jn.pt)
────────────────────────────────────────────────────────────
  [OK] hab_renda_10_24: 2 | total jn: 2
  [OK] hab_aval_03_12: 1 | total jn: 3
  [OK] hab_crise_09_15: 2 | total jn: 5
  [OK] hab_troika_11_14: 2 | total jn: 7
  [OK] hab_boom_16_20: 1 | total jn: 8
  [OK] hab_acesso_19_24: 1 | total jn: 9
  [OK] hab_sv_10_24: 1 | total jn: 10
  [OK] comb_crise_09_15: 5 | total jn: 15
  [OK] comb_normal_16_21: 1 | total jn: 16
  [OK] comb_gasoleo_00_24: 1 | total jn: 17
  [OK] comb_sv_10_24: 1 | total jn: 18
  [OK] sal_esc_96_02: 2 | total jn: 20
  [OK] sal_congela_11_14: 2 | total jn: 22
  [OK] sal_sobe_15_21: 1 | total jn: 23
  [OK] sal_poder_compra: 2 | total jn: 25
  [OK] sal_medio_00_24: 1 | total jn: 26
  [OK] sal_sv_98_10: 2 | total jn: 28
  [OK] sal_sv_10_24: 1 | total jn: 29
  [OK] inf_deflacao_09_15: 2 | total jn: 31
  [OK] inf_estavel_15_21: 1 | total jn: 32
  [OK] cv_cabaz_05_24: 2 | total jn: 34
  [OK] inf_sv_10_24: 2 | total jn: 36
  [OK] desemp_crise_09_14: 2 | total jn: 38
  [OK] desemp_recup_15_24: 1 | total jn: 39
  [OK] desemp_sv_10_24: 2 | total jn: 41
  [OK] ctx_euro_99_03: 1 | total jn: 42
  [OK] ctx_troika_11_14: 9 | total jn: 51
  [OK] ctx_recupera_15_19: 2 | total jn: 53
  [OK] ctx_covid_20_21: 6 | total jn: 59
  => jn: 59 snippets

────────────────────────────────────────────────────────────
  JORNAL: tsf (www.tsf.pt)
────────────────────────────────────────────────────────────
  [OK] hab_renda_10_24: 1 | total tsf: 1
  [OK] hab_crise_09_15: 2 | total tsf: 3
  [OK] hab_troika_11_14: 1 | total tsf: 4
  [OK] hab_boom_16_20: 3 | total tsf: 7
  [OK] hab_acesso_19_24: 1 | total tsf: 8
  [OK] hab_sv_98_10: 1 | total tsf: 9
  [OK] hab_sv_10_24: 1 | total tsf: 10
  [OK] comb_euros_02_08: 2 | total tsf: 12
  [OK] comb_crise_09_15: 1 | total tsf: 13
  [OK] comb_normal_16_21: 3 | total tsf: 16
  [OK] comb_gasoleo_00_24: 1 | total tsf: 17
  [OK] comb_sv_98_10: 2 | total tsf: 19
  [OK] comb_sv_10_24: 2 | total tsf: 21
  [OK] sal_esc_96_02: 1 | total tsf: 22
  [OK] sal_euros_02_10: 2 | total tsf: 24
  [OK] sal_congela_11_14: 1 | total tsf: 25
  [OK] sal_sobe_15_21: 2 | total tsf: 27
  [OK] sal_poder_compra: 3 | total tsf: 30
  [OK] sal_medio_00_24: 1 | total tsf: 31
  [OK] sal_sv_98_10: 2 | total tsf: 33
  [OK] sal_sv_10_24: 7 | total tsf: 40
  [OK] inf_96_05: 2 | total tsf: 42
  [OK] inf_deflacao_09_15: 1 | total tsf: 43
  [OK] inf_estavel_15_21: 1 | total tsf: 44
  [OK] cv_energia_08_24: 1 | total tsf: 45
  [OK] inf_sv_98_10: 2 | total tsf: 47
  [OK] inf_sv_10_24: 1 | total tsf: 48
  [OK] desemp_00_08: 3 | total tsf: 51
  [OK] desemp_crise_09_14: 1 | total tsf: 52
  [OK] desemp_recup_15_24: 6 | total tsf: 58
  [OK] desemp_sv_98_10: 3 | total tsf: 61
  [OK] desemp_sv_10_24: 3 | total tsf: 64
  [OK] ctx_euro_99_03: 2 | total tsf: 66
  [OK] ctx_crise_08_11: 1 | total tsf: 67
  [OK] ctx_troika_11_14: 5 | total tsf: 72
  [OK] ctx_recupera_15_19: 4 | total tsf: 76
  [OK] ctx_covid_20_21: 8 | total tsf: 84
  => tsf: 84 snippets

────────────────────────────────────────────────────────────
  JORNAL: cmjornal (www.cmjornal.pt)
────────────────────────────────────────────────────────────
  [OK] hab_renda_10_24: 2 | total cmjornal: 2
  [OK] hab_boom_16_20: 1 | total cmjornal: 3
  [OK] hab_acesso_19_24: 1 | total cmjornal: 4
  [OK] hab_sv_10_24: 2 | total cmjornal: 6
    [AVISO] Tentativa 1/5: ('Connection aborted.', RemoteDisconnected('Remote end closed connection without response')). Aguarda 5s...
  [OK] comb_normal_16_21: 2 | total cmjornal: 8
  [OK] comb_gasoleo_00_24: 6 | total cmjornal: 14
  [OK] comb_sv_10_24: 5 | total cmjornal: 19
  [OK] sal_sobe_15_21: 2 | total cmjornal: 21
  [OK] sal_poder_compra: 2 | total cmjornal: 23
  [OK] sal_medio_00_24: 2 | total cmjornal: 25
  [OK] sal_sv_10_24: 2 | total cmjornal: 27
  [OK] inf_estavel_15_21: 2 | total cmjornal: 29
  [OK] cv_cabaz_05_24: 2 | total cmjornal: 31
  [OK] inf_sv_10_24: 4 | total cmjornal: 35
  [OK] desemp_recup_15_24: 2 | total cmjornal: 37
  [OK] desemp_sv_10_24: 3 | total cmjornal: 40
  [OK] ctx_recupera_15_19: 3 | total cmjornal: 43
  [OK] ctx_covid_20_21: 3 | total cmjornal: 46
  => cmjornal: 46 snippets

────────────────────────────────────────────────────────────
  JORNAL: rtp (www.rtp.pt)
────────────────────────────────────────────────────────────
  [OK] hab_renda_96_10: 1 | total rtp: 1
  [OK] hab_renda_10_24: 1 | total rtp: 2
  [OK] hab_boom_16_20: 1 | total rtp: 3
  [OK] hab_sv_98_10: 2 | total rtp: 5
  [OK] comb_euros_02_08: 2 | total rtp: 7
  [OK] comb_crise_09_15: 1 | total rtp: 8
  [OK] comb_normal_16_21: 2 | total rtp: 10
  [OK] comb_gasoleo_00_24: 2 | total rtp: 12
  [OK] comb_sv_98_10: 2 | total rtp: 14
  [OK] comb_sv_10_24: 2 | total rtp: 16
  [OK] sal_euros_02_10: 2 | total rtp: 18
  [OK] sal_sobe_15_21: 2 | total rtp: 20
  [OK] sal_poder_compra: 2 | total rtp: 22
  [OK] sal_medio_00_24: 2 | total rtp: 24
  [OK] sal_sv_98_10: 2 | total rtp: 26
  [OK] sal_sv_10_24: 4 | total rtp: 30
  [OK] inf_deflacao_09_15: 2 | total rtp: 32
  [OK] inf_estavel_15_21: 2 | total rtp: 34
  [OK] cv_energia_08_24: 1 | total rtp: 35
  [OK] inf_sv_10_24: 2 | total rtp: 37
  [OK] desemp_00_08: 2 | total rtp: 39
  [OK] desemp_crise_09_14: 2 | total rtp: 41
  [OK] desemp_recup_15_24: 3 | total rtp: 44
  [OK] desemp_sv_98_10: 2 | total rtp: 46
  [OK] desemp_sv_10_24: 13 | total rtp: 59
  [OK] ctx_troika_11_14: 8 | total rtp: 67
  [OK] ctx_recupera_15_19: 6 | total rtp: 73
  [OK] ctx_covid_20_21: 6 | total rtp: 79
  => rtp: 79 snippets

────────────────────────────────────────────────────────────
  JORNAL: ionline (www.ionline.pt)
────────────────────────────────────────────────────────────
  [OK] hab_renda_96_10: 1 | total ionline: 1
  [OK] hab_renda_10_24: 1 | total ionline: 2
  [OK] hab_aval_03_12: 2 | total ionline: 4
  [OK] hab_crise_09_15: 3 | total ionline: 7
  [OK] hab_troika_11_14: 3 | total ionline: 10
  [OK] hab_boom_16_20: 1 | total ionline: 11
  [OK] hab_sv_98_10: 1 | total ionline: 12
  [OK] hab_sv_10_24: 2 | total ionline: 14
  [OK] comb_crise_09_15: 2 | total ionline: 16
  [OK] comb_normal_16_21: 1 | total ionline: 17
  [OK] comb_gasoleo_00_24: 1 | total ionline: 18
  [OK] comb_sv_98_10: 1 | total ionline: 19
  [OK] comb_sv_10_24: 1 | total ionline: 20
  [OK] sal_euros_02_10: 1 | total ionline: 21
  [OK] sal_congela_11_14: 1 | total ionline: 22
  [OK] sal_sobe_15_21: 6 | total ionline: 28
  [OK] sal_poder_compra: 4 | total ionline: 32
  [OK] sal_medio_00_24: 2 | total ionline: 34
  [OK] sal_sv_98_10: 2 | total ionline: 36
  [OK] sal_sv_10_24: 4 | total ionline: 40
  [OK] inf_deflacao_09_15: 4 | total ionline: 44
  [OK] inf_estavel_15_21: 2 | total ionline: 46
  [OK] cv_cabaz_05_24: 1 | total ionline: 47
  [OK] cv_energia_08_24: 1 | total ionline: 48
  [OK] inf_sv_98_10: 1 | total ionline: 49
  [OK] inf_sv_10_24: 1 | total ionline: 50
  [OK] desemp_crise_09_14: 4 | total ionline: 54
  [OK] desemp_recup_15_24: 1 | total ionline: 55
  [OK] desemp_sv_98_10: 1 | total ionline: 56
  [OK] desemp_sv_10_24: 7 | total ionline: 63
  [OK] ctx_crise_08_11: 1 | total ionline: 64
  [OK] ctx_troika_11_14: 6 | total ionline: 70
  [OK] ctx_recupera_15_19: 5 | total ionline: 75
  => ionline: 75 snippets

────────────────────────────────────────────────────────────
  JORNAL: lusa (www.lusa.pt)
────────────────────────────────────────────────────────────
  [OK] hab_boom_16_20: 5 | total lusa: 5
  [OK] comb_euros_02_08: 2 | total lusa: 7
  [OK] comb_normal_16_21: 1 | total lusa: 8
  [OK] comb_gasoleo_00_24: 1 | total lusa: 9
  [OK] sal_euros_02_10: 2 | total lusa: 11
  [OK] sal_sobe_15_21: 13 | total lusa: 24
  [OK] sal_poder_compra: 2 | total lusa: 26
  [OK] sal_medio_00_24: 5 | total lusa: 31
  [OK] sal_sv_10_24: 13 | total lusa: 44
  [OK] inf_estavel_15_21: 1 | total lusa: 45
  [OK] desemp_00_08: 2 | total lusa: 47
  [OK] desemp_recup_15_24: 4 | total lusa: 51
  [OK] desemp_sv_98_10: 2 | total lusa: 53
  [OK] desemp_sv_10_24: 7 | total lusa: 60
  [OK] ctx_recupera_15_19: 4 | total lusa: 64
  [OK] ctx_covid_20_21: 46 | total lusa: 110
  => lusa: 110 snippets

────────────────────────────────────────────────────────────
  PÚBLICO — queries dedicadas (8 queries)
────────────────────────────────────────────────────────────
  [OK] pub_hab_analise: 5 | Público extra total: 5
  [OK] pub_hab_ine: 1 | Público extra total: 6
  [OK] pub_sal_minimo_debate: 2 | Público extra total: 8
  [OK] pub_inflacao_ine: 4 | Público extra total: 12
  [OK] pub_crise_social: 1 | Público extra total: 13
  [OK] pub_economia_geral: 3 | Público extra total: 16
  [OK] pub_hab_jovens: 2 | Público extra total: 18
  => Público extra: 18 snippets

────────────────────────────────────────────────────────────
  FASE 2 — Queries globais para anos escassos: [1996, 1997, 1998, 1999, 2000, 2002, 2003, 2004, 2005, 2006, 2007, 2008, 2009, 2010, 2021, 2022, 2023, 2024]
────────────────────────────────────────────────────────────
  [OK] glob_96_hab (global): 3 snippets
  => 1996: +3 snippets globais
  [OK] glob_97_hab (global): 11 snippets
  [OK] glob_97_sal (global): 1 snippets
  [OK] glob_97_inf (global): 10 snippets
  => 1997: +22 snippets globais
  [OK] glob_98_hab (global): 1 snippets
  [OK] glob_98_sal (global): 2 snippets
  [OK] glob_98_inf (global): 24 snippets
  => 1998: +27 snippets globais
  [OK] glob_99_hab (global): 3 snippets
  [OK] glob_99_sal (global): 3 snippets
  [OK] glob_99_comb (global): 1 snippets
  => 1999: +7 snippets globais
  [OK] glob_00_hab (global): 3 snippets
  [OK] glob_00_sal (global): 3 snippets
  [OK] glob_00_comb (global): 7 snippets
  => 2000: +13 snippets globais
  [OK] glob_02_hab (global): 12 snippets
  [OK] glob_02_sal (global): 16 snippets
  [OK] glob_02_euro (global): 11 snippets
  => 2002: +39 snippets globais
  [OK] glob_03_hab (global): 98 snippets
  [OK] glob_03_sal (global): 150 snippets
  [OK] glob_03_inf (global): 150 snippets
  => 2003: +398 snippets globais
  [OK] glob_04_hab (global): 150 snippets
  [OK] glob_04_sal (global): 150 snippets
  [OK] glob_04_comb (global): 77 snippets
  => 2004: +377 snippets globais
  [OK] glob_05_hab (global): 150 snippets
  [OK] glob_05_sal (global): 150 snippets
  [OK] glob_05_inf (global): 150 snippets
  => 2005: +450 snippets globais
  [OK] glob_06_hab (global): 150 snippets
  [OK] glob_06_sal (global): 150 snippets
  [OK] glob_06_comb (global): 150 snippets
  => 2006: +450 snippets globais
  [OK] glob_07_hab (global): 150 snippets
  [OK] glob_07_sal (global): 150 snippets
    [AVISO] Tentativa 1/5: ('Connection aborted.', ConnectionResetError(10054, 'Uma ligação existente foi forçada a fechar pelo anfitrião remoto', None, 10054, None)). Aguarda 5s...
  [OK] glob_07_comb (global): 150 snippets
  => 2007: +450 snippets globais
  [OK] glob_08_hab (global): 150 snippets
  [OK] glob_08_sal (global): 150 snippets
  [OK] glob_08_crise (global): 150 snippets
  => 2008: +450 snippets globais
  [OK] glob_09_desemp (global): 150 snippets
  [OK] glob_09_sal (global): 150 snippets
  [OK] glob_09_inf (global): 150 snippets
  => 2009: +450 snippets globais
  [OK] glob_10_hab (global): 150 snippets
  [OK] glob_10_sal (global): 150 snippets
  [OK] glob_10_desemp (global): 150 snippets
  => 2010: +450 snippets globais
  [OK] glob_21_hab (global): 19 snippets
  [OK] glob_21_sal (global): 40 snippets
  [OK] glob_21_inf (global): 9 snippets
  => 2021: +68 snippets globais
  => 2022: +0 snippets globais
  => 2023: +0 snippets globais
  => 2024: +0 snippets globais

======================================================================
RECOLHA COMPLETA v5
  Total snippets : 4338
  Ficheiros JSON : 503
  Já existiam    : 254 (cache)
  Combos c/ zero : 208

Por jornal:
  glob2005       450  ████████████████████████████████████████
  glob2006       450  ████████████████████████████████████████
  glob2007       450  ████████████████████████████████████████
  glob2008       450  ████████████████████████████████████████
  glob2009       450  ████████████████████████████████████████
  glob2010       450  ████████████████████████████████████████
  glob2003       398  ████████████████████████████████████████
  glob2004       377  ████████████████████████████████████████
  lusa           110  ██████████████████████
  dn             104  ████████████████████
  publico        102  ████████████████████
  tsf             84  ████████████████
  rtp             79  ███████████████
  ionline         75  ███████████████
  glob2021        68  █████████████
  jn              59  ███████████
  cmjornal        46  █████████
  glob2002        39  ███████
  glob1998        27  █████
  expresso        25  █████
  glob1997        22  ████
  glob2000        13  ██
  glob1999         7  █
  glob1996         3  
  glob2022         0  
  glob2023         0  
  glob2024         0  

Por categoria:
  glob      3654  ██████████████████████████████
  ctx        165  ██████████████████████████████
  sal        157  ██████████████████████████████
  desemp     115  ██████████████████████████████
  hab         88  █████████████████████████████
  comb        71  ███████████████████████
  inf         53  █████████████████
  pub         18  ██████
  cv          17  █████

Cobertura por ano (✓≥50  ⚠≥20  ✗<20):
  1996  ✗     3  █
  1997  ⚠    22  ███████
  1998  ⚠    27  █████████
  1999  ✗     9  ███
  2000  ⚠    30  ██████████
  2001  ⚠    34  ███████████
  2002  ⚠    45  ███████████████
  2003  ✓   410  ██████████████████████████████
  2004  ✓   386  ██████████████████████████████
  2005  ✓   464  ██████████████████████████████
  2006  ✓   453  ██████████████████████████████
  2007  ✓   462  ██████████████████████████████
  2008  ✓   454  ██████████████████████████████
  2009  ✓   451  ██████████████████████████████
  2010  ✓   469  ██████████████████████████████
  2011  ⚠    43  ██████████████
  2012  ⚠    32  ██████████
  2013  ⚠    48  ████████████████
  2014  ⚠    26  ████████
  2015  ⚠    46  ███████████████
  2016  ⚠    38  ████████████
  2017  ✓    54  ██████████████████
  2018  ✓    53  █████████████████
  2019  ✓    86  ████████████████████████████
  2020  ✓   125  ██████████████████████████████
  2021  ✓    68  ██████████████████████
  2022  ✗     0  
  2023  ✗     0  
  2024  ✗     0  

  ✓ (≥50): 13/29  |  ⚠ (≥20): 11/29  |  ✗ (<20): 5/29

Meta Menção Honrosa Público:
  102 snippets ✗ Faltam 398

Cobertura por período histórico:
  Era escudos  1996-2002   170 snippets  meta=30  ✓
  Pré-crise    2003-2008  2629 snippets  meta=30  ✓
  Crise/Troika 2009-2014  1069 snippets  meta=50  ✓
  Recuperação  2015-2020   402 snippets  meta=50  ✓
  Recente      2021-2024    68 snippets  meta=20  ✓
======================================================================
