========================================================================
DIAGNOSTICO DO DATASET CUSTO PORTUGAL
Ficheiro fonte: data/checkpoint_v4.json
Total de registos extraidos: 1425
Total de snippets processados: 4250
========================================================================

ANO   |   hab  comb   sal   inf | desemp c_vida  ctx | TOTAL | IDE_OK
------------------------------------------------------------------------
1996  |     0     0     0     0 |      0      0    0 |     0 | 0/4
1997  |     0     0     0     3 |      1      1    0 |     5 | 1/4
1998  |     1     0     0     9 |      0      0    0 |    10 | 2/4
1999  |     0     0     2     0 |      0      0    0 |     2 | 1/4
2000  |     0     2     2     0 |      1      0    0 |     5 | 2/4
2001  |     0     1     1     2 |      4      0    0 |     8 | 3/4
2002  |     1     0     5     1 |      0      0    0 |     7 | 3/4
2003  |     0     2    66    62 |      4      2    0 |   136 | 3/4
2004  |     0    18    66     1 |      0      1    1 |    87 | 3/4
2005  |     5     5   117   111 |      3      2    0 |   243 | OK
2006  |     1    56    85     2 |      0      4    0 |   148 | OK
2007  |     6    54    83     5 |      4      0    0 |   152 | OK
2008  |     7    11   116    21 |      0      0    0 |   155 | OK
2009  |     0     0    59    56 |     61      1    4 |   181 | 2/4
2010  |     6     0    50     5 |     62      1    0 |   124 | 3/4
2011  |     4     1     3     1 |      2      1    1 |    13 | OK
2012  |     2     1     3     2 |      7      0    0 |    15 | OK
2013  |     0     1     1     0 |      4      0    2 |     8 | 2/4
2014  |     0     0     1     3 |      1      0    0 |     5 | 2/4
2015  |     0     1     7     4 |      3      1    1 |    17 | 3/4
2016  |     0     0     2     1 |      1      0    0 |     4 | 2/4
2017  |     0     3     5     0 |      8      0    0 |    16 | 2/4
2018  |     0     1     5     3 |      5      1    0 |    15 | 3/4
2019  |     5     1    10     4 |      4      0    1 |    25 | OK
2020  |     0     6     7     2 |      4      1    4 |    24 | 3/4
2021  |     0     1    12     2 |      0      1    1 |    17 | 3/4
2022  |     0     0     0     0 |      0      0    0 |     0 | 0/4
2023  |     0     0     0     0 |      0      0    0 |     0 | 0/4
2024  |     0     0     0     0 |      0      0    0 |     0 | 0/4
------------------------------------------------------------------------
Anos com todas as 4 categorias IDE preenchidas: 7/29

========================================================================
ANALISE DE COBERTURA POR CATEGORIA IDE
========================================================================

[COMBUSTIVEL]
  Anos COM dados reais (17): [2000, 2001, 2003, 2004, 2005, 2006, 2007, 2008, 2011, 2012, 2013, 2015, 2017, 2018, 2019, 2020, 2021]
  Anos SEM dados reais (12): [1996, 1997, 1998, 1999, 2002, 2009, 2010, 2014, 2016, 2022, 2023, 2024]
  Total de registos extraidos: 165
  Media de fontes/ano: 9.7  | Min: 1  Max: 56

[HABITACAO]
  Anos COM dados reais (10): [1998, 2002, 2005, 2006, 2007, 2008, 2010, 2011, 2012, 2019]
  Anos SEM dados reais (19): [1996, 1997, 1999, 2000, 2001, 2003, 2004, 2009, 2013, 2014, 2015, 2016, 2017, 2018, 2020, 2021, 2022, 2023, 2024]
  Total de registos extraidos: 38
  Media de fontes/ano: 3.8  | Min: 1  Max: 7

[INFLACAO]
  Anos COM dados reais (21): [1997, 1998, 2001, 2002, 2003, 2004, 2005, 2006, 2007, 2008, 2009, 2010, 2011, 2012, 2014, 2015, 2016, 2018, 2019, 2020, 2021]
  Anos SEM dados reais (8): [1996, 1999, 2000, 2013, 2017, 2022, 2023, 2024]
  Total de registos extraidos: 300
  Media de fontes/ano: 14.3  | Min: 1  Max: 111

[SALARIO]
  Anos COM dados reais (23): [1999, 2000, 2001, 2002, 2003, 2004, 2005, 2006, 2007, 2008, 2009, 2010, 2011, 2012, 2013, 2014, 2015, 2016, 2017, 2018, 2019, 2020, 2021]
  Anos SEM dados reais (6): [1996, 1997, 1998, 2022, 2023, 2024]
  Total de registos extraidos: 708
  Media de fontes/ano: 30.8  | Min: 1  Max: 117

========================================================================
VALORES EXTRAIDOS POR ANO E CATEGORIA (dados reais do Arquivo.pt)
========================================================================

  --- 1997 ---
  [inflacao    ] n=  3 (pos-IQR=2) mediana=    2.95  std=  0.778  CV=0.26  rel_media=4.7
              fontes: ['www.ccp.pt', 'www.icep.pt', 'www.min-plan.pt']
              melhor noticia: "Taxa de inflação em Portugal regista valores descendentes"

  --- 1998 ---
  [habitacao   ] n=  1 (pos-IQR=1) mediana= 1247.05  std=  0.000  CV=0.00  rel_media=4.0
              fontes: ['Expresso']
              melhor noticia: "Preço médio do metro quadrado de habitação atinge os 250 contos"
  [inflacao    ] n=  9 (pos-IQR=6) mediana=    2.70  std=  0.369  CV=0.14  rel_media=5.0
              fontes: ['vabbinfaru.bportugal.pt', 'www.aiportuense.pt', 'www.bportugal.pt', 'www.dgo.pt', 'www.icep.pt', 'www.iseg.utl.pt', 'www.min-financas.pt', 'www.partido-socialista.pt']
              melhor noticia: "Banco de Portugal publica indicadores de inflação e tendências de preç"

  --- 1999 ---
  [salario     ] n=  2 (pos-IQR=2) mediana=  310.65  std= 54.461  CV=0.18  rel_media=5.0
              fontes: ['Expresso', 'Jornal de Noticias']
              melhor noticia: "Salário Mínimo Nacional apresenta valorização real na década de 90"

  --- 2000 ---
  [combustivel ] n=  2 (pos-IQR=2) mediana=    0.80  std=  0.000  CV=0.00  rel_media=4.0
              fontes: ['portugalgay.pt', 'www.portugalgay.pt']
              melhor noticia: "Preço da gasolina sem chumbo 95 fixado em 160 escudos"
  [salario     ] n=  2 (pos-IQR=2) mediana=  340.81  std= 10.175  CV=0.03  rel_media=5.0
              fontes: ['Expresso', 'Jornal de Noticias']
              melhor noticia: "Portugal regista o salário mínimo mais baixo da União Europeia"

  --- 2001 ---
  [combustivel ] n=  1 (pos-IQR=1) mediana=    0.65  std=  0.000  CV=0.00  rel_media=4.0
              fontes: ['Expresso']
              melhor noticia: "Governo aumenta preços máximos dos combustíveis"
  [inflacao    ] n=  2 (pos-IQR=1) mediana=    4.10  std=  0.000  CV=0.00  rel_media=4.5
              fontes: ['Expresso']
              melhor noticia: "Inflação média em Portugal atinge 4,1% em junho"
  [salario     ] n=  1 (pos-IQR=1) mediana=  347.76  std=  0.000  CV=0.00  rel_media=5.0
              fontes: ['Jornal de Noticias']
              melhor noticia: "Salário Mínimo Nacional fixado em 69770 escudos"

  --- 2002 ---
  [habitacao   ] n=  1 (pos-IQR=1) mediana= 1631.00  std=  0.000  CV=0.00  rel_media=4.0
              fontes: ['Publico']
              melhor noticia: "Preço médio da habitação em Lisboa atinge 1631 euros por metro quadrad"
  [inflacao    ] n=  1 (pos-IQR=1) mediana=    3.70  std=  0.000  CV=0.00  rel_media=5.0
              fontes: ['TSF']
              melhor noticia: "Taxa de inflação média anual fixada nos 3,7 por cento"
  [salario     ] n=  5 (pos-IQR=3) mediana=  348.00  std= 58.903  CV=0.17  rel_media=5.0
              fontes: ['Expresso', 'Publico', 'RTP', 'TSF']
              melhor noticia: "Salário mínimo nacional convertido para euros"

  --- 2003 ---
  [combustivel ] n=  2 (pos-IQR=2) mediana=    0.95  std=  0.000  CV=0.00  rel_media=4.0
              fontes: ['Expresso']
              melhor noticia: "Preço máximo da gasolina sem chumbo 95 desce para 0,95 euros por litro"
  [inflacao    ] n= 62 (pos-IQR=52) mediana=    2.90  std=  1.230  CV=0.42  rel_media=4.6
              fontes: ['Expresso', 'Publico', 'beta.cidadebcp.pt', 'eventos.clix.pt', 'hp.agenciafinanceira.sapo.pt', 'ii.bes.pt', 'ir.telecom.pt', 'jn.sapo.pt', 'negocios.clix.pt', 'negocios.oninet.pt', 'negocios.pt', 'negocios.vizzavi.pt', 'pt.online.pt', 'pwp.netcabo.pt', 'srea.ine.pt', 'tsf.sapo.pt', 'www.aecops.pt', 'www.aeportugal.pt', 'www.banco-privado.pt', 'www.bcpinvestimento.pt', 'www.bigcorretora.pt', 'www.bigonline.pt', 'www.bportugal.pt', 'www.cbranco.ps.pt', 'www.cidadebcp.pt', 'www.conf-quadros.pt', 'www.cotavalor.pt', 'www.datae.pt', 'www.dgep.pt', 'www.dgo.pt', 'www.diariodigital.pt', 'www.erse.pt', 'www.fd.uc.pt', 'www.iapmei.pt', 'www.igcp.pt', 'www.ine.pt', 'www.inforauto.pt', 'www.netgestao.online.pt', 'www.orelhas.pt', 'www.pmeinvestimentos.pt', 'www.sbsi.pt', 'www.setubal.ps.pt', 'www.sindefer.pt', 'www.ste.pt', 'www.telecom.pt', 'www.tvi.iol.pt', 'www.ugt.pt', 'www.visaoonline.pt', 'www3.bta.pt']
              melhor noticia: "Taxa de inflação média em Portugal desce para 4,3 por cento"
  [salario     ] n= 66 (pos-IQR=35) mediana=  356.00  std=  0.901  CV=0.00  rel_media=4.9
              fontes: ['Expresso', 'Publico', 'RTP', 'TSF', 'cgtp.pt', 'da.online.pt', 'dn.sapo.pt', 'http.www.portugalmail.pt', 'iscte-teste.iscte.pt', 'jn.sapo.pt', 'negocios.oninet.pt', 'negocios.vizzavi.pt', 'noticias.clix.pt', 'pages.madinfo.pt', 'portugalmail.pt', 'referendo.iscte.pt', 'sic.sapo.pt', 'sindefer.pt', 'tsf.sapo.pt', 'turboonline.clix.pt', 'turboonline.pt', 'www.aeportugal.pt', 'www.amip.pt', 'www.anemm.pt', 'www.antena-minho.pt', 'www.avante.pt', 'www.bdo.pt', 'www.betiadro.pt', 'www.cgtp.pt', 'www.clubefiscal.pt', 'www.cm-evora.pt', 'www.conf-quadros.pt', 'www.correiomanha.pt', 'www.de.iol.pt', 'www.detefp.pt', 'www.diariodominho.pt', 'www.europeias.iscte.pt', 'www.finibanco.pt', 'www.fnsfp.pt', 'www.jovem.te.pt', 'www.msst.gov.pt', 'www.negocios.pt', 'www.netjobs.pt', 'www.nucase.pt', 'www.pcp.pt', 'www.pkf.pt', 'www.portugaldiario.iol.pt', 'www.siconline.pt', 'www.siesi.pt', 'www.sindefer.pt', 'www.ste.pt', 'www.totta.pt', 'www.ugt.pt', 'www.vlm-consultores.pt']
              melhor noticia: "Revisão do Salário Mínimo Nacional em 2003"

  --- 2004 ---
  [combustivel ] n= 18 (pos-IQR=16) mediana=    1.05  std=  0.070  CV=0.07  rel_media=4.0
              fontes: ['Publico', 'RTP', 'TSF', 'arre.weblog.com.pt', 'automotor.xl.pt', 'visaoonline.pt', 'www.agenciafinanceira.iol.pt', 'www.atlanticofm.web.pt', 'www.correiomanha.pt', 'www.expressoemprego.pt', 'www.noticiasdaamadora.com.pt', 'www.portugaldiario.iol.pt', 'www.portugalgay.pt', 'www.tvi.iol.pt']
              melhor noticia: "Preços dos combustíveis em Portugal"
  [inflacao    ] n=  1 (pos-IQR=1) mediana=    3.30  std=  0.000  CV=0.00  rel_media=5.0
              fontes: ['TSF']
              melhor noticia: "Inflação média em Portugal fixou-se nos 3,3% em 2003"
  [salario     ] n= 66 (pos-IQR=50) mediana=  365.60  std=  9.323  CV=0.03  rel_media=4.8
              fontes: ['Expresso', 'Publico', 'RTP', 'TSF', 'adufe.weblog.com.pt', 'arre.weblog.com.pt', 'cabra.aac.uc.pt', 'campus.sapo.pt', 'candil.blogs.sapo.pt', 'coli.blogs.sapo.pt', 'diariodigital.sapo.pt', 'dn.sapo.pt', 'jn.sapo.pt', 'negocios.oninet.pt', 'noticias.clix.pt', 'online.expresso.clix.pt', 'pcp.pt', 'publicoemprego.pt', 'pwp.netcabo.pt', 'sic.sapo.pt', 'siconline.sapo.pt', 'tsf.sapo.pt', 'turboonline.pt', 'www.aac.uc.pt', 'www.agenciafinanceira.iol.pt', 'www.aiminho.pt', 'www.apagina.pt', 'www.aresp.pt', 'www.banifinvestimento.pt', 'www.cgtp.pt', 'www.conf-quadros.pt', 'www.confagri.pt:8000', 'www.dn.sapo.pt', 'www.iscte.pt', 'www.jornalfiscal.pt', 'www.leirianet.pt', 'www.millenniumbcp.pt', 'www.mmc.pt', 'www.negocios.pt', 'www.netjobs.pt', 'www.noticiasdaamadora.com.pt', 'www.orelhas.pt', 'www.partidonacional.org', 'www.pcp.pt', 'www.portugaldiario.iol.pt', 'www.rr.pt', 'www.sep.pt', 'www.sic.sapo.pt', 'www.tvi.iol.pt', 'www.usi.pt', 'www.ussetubal.pt', 'www.visaoonline.pt']
              melhor noticia: "Governo aumenta Salário Mínimo Nacional em 2,5 por cento"

  --- 2005 ---
  [combustivel ] n=  5 (pos-IQR=5) mediana=    1.50  std=  0.848  CV=0.57  rel_media=4.0
              fontes: ['RTP', 'publico.clix.pt', 'seminarios.ist.utl.pt', 'www.bancomillenniumbcp.pt', 'www.zamundas.com']
              melhor noticia: "Preço de referência do gasóleo rodoviário sobe para 0,980 euros por li"
              valores brutos: [0.98, 1.12, 1.5, 1.5, 3.1]
              valores pos-IQR: [0.98, 1.12, 1.5, 1.5, 3.1]
  [habitacao   ] n=  5 (pos-IQR=3) mediana= 2248.00  std=1042.546  CV=0.46  rel_media=4.0
              fontes: ['Publico', 'agenciafinanceira.iol.pt', 'www.cmvm.pt', 'www.correiodamanha.pt', 'www.pcp.pt']
              melhor noticia: "Preço da habitação nova em Lisboa regista variação positiva"
              valores brutos: [550, 2248.0, 2447.0]
              valores pos-IQR: [550, 2248.0, 2447.0]
  [inflacao    ] n=111 (pos-IQR=71) mediana=    2.20  std=  1.000  CV=0.45  rel_media=4.4
              fontes: ['Publico', 'RTP', 'TSF', 'abre-surdo.blogspot.com', 'adufe.weblog.com.pt', 'alea-estp.ine.pt', 'alea.ine.pt', 'br.news.yahoo.com', 'canais.sapo.pt', 'diariodigital.sapo.pt', 'dn.sapo.pt', 'fcoelho.com.sapo.pt', 'gemf.fe.uc.pt', 'graodeareia-attac.weblog.com.pt', 'jn.sapo.pt', 'jpn.icicom.up.pt', 'noticias.portugalmail.pt', 'online.expresso.clix.pt', 'pt.indymedia.org', 'sic.sapo.pt', 'siconline.sapo.pt', 'sweet.ua.pt', 'tsf.sapo.pt', 'www.aeportugal.pt', 'www.agenciafinanceira.iol.pt', 'www.agroportal.pt', 'www.amip.pt', 'www.anacom.pt', 'www.bbva.pt', 'www.bigonline.pt', 'www.bolabranca.com.pt', 'www.bpatlantico.pt', 'www.bpiinvestimentos.pt', 'www.bportugal.pt', 'www.bpsm.pt', 'www.causaliberal.net', 'www.cbranco.ps.pt', 'www.deco.proteste.pt', 'www.deco.pt', 'www.decon.uevora.pt', 'www.dge.ubi.pt', 'www.dgep.pt', 'www.edideco.pt', 'www.gep-moptc.pt', 'www.gep-mopth.pt', 'www.gov-madeira.pt', 'www.icep.pt', 'www.icp-anacom.pt', 'www.icp.pt', 'www.idealadviser.com', 'www.infoforum.com.pt', 'www.infoforum.pt', 'www.investirseguro.com', 'www.isegi.unl.pt', 'www.jornaldamadeira.pt', 'www.joseapolinario.net', 'www.lusa.pt', 'www.negocios.pt', 'www.noticiasdaamadora.com.pt', 'www.noticiasdeviseu.com', 'www.orelhas.pt', 'www.portugal.gov.pt', 'www.portugaldiario.iol.pt', 'www.proteste.pt', 'www.radiorenascenca.com.pt', 'www.resistir.info', 'www.rr.com.pt', 'www.rr.pt', 'www.setubal.ps.pt', 'www.sgmf.pt', 'www.solnet.com', 'www.sprc.pt', 'www.telecom.pt', 'www.totta.pt', 'www.tvi.iol.pt', 'www.uac.pt', 'www.uevora.pt', 'www.universiabrasil.net', 'www4.fe.uc.pt']
              melhor noticia: "Inflação estagna em Portugal"
  [salario     ] n=117 (pos-IQR=40) mediana=  374.70  std= 20.064  CV=0.05  rel_media=4.8
              fontes: ['TSF', 'africa.sapo.pt', 'algarveglobal.blogspot.com', 'arre.weblog.com.pt', 'cduportalegre.blogs.sapo.pt', 'cm-alpiarca.pt', 'diariodigital.sapo.pt', 'dn.sapo.pt', 'dorl.pcp.pt', 'homebanking.novarede.pt', 'iletradosunidos.blogspot.com', 'jornal.publico.clix.pt', 'marocas.blogs.sapo.pt', 'noticiasdaamadora.com.pt', 'os-caes-ladram-e-a-caravana-passa.weblog.com.pt', 'pcnunes.tripod.com', 'portimao-nacional.blogspot.com', 'portugal-e-arredores.blogspot.com', 'portugal.indymedia.org', 'pt.indymedia.org', 'quintadojoao.blogspot.com', 'sic.sapo.pt', 'stal.pt', 'suotempore.blogspot.com', 'tsf.sapo.pt', 'visaoonline.clix.pt', 'web3.cmvm.pt', 'www-2.sic.pt', 'www.agenciafinanceira.iol.pt', 'www.algarveglobal.blogspot.com', 'www.apagina.pt', 'www.apfn.com.pt', 'www.asficpj.org', 'www.atlanticobcp.pt', 'www.bancomillenniumbcp.pt', 'www.bcp.pt', 'www.bloco.org', 'www.bnc.pt', 'www.bncempresas.pt', 'www.bpatlantico.pt', 'www.bpsm.pt', 'www.carcasse.com', 'www.carloscoelho.org', 'www.cbranco.ps.pt', 'www.centrodeemergencia.com', 'www.cgtp.pt', 'www.cm-alpiarca.pt', 'www.cm-azambuja.pt', 'www.cma.cm-alpiarca.pt', 'www.consumidor.pt', 'www.correiodamanha.pt', 'www.correiomanha.pt', 'www.dgo.pt', 'www.dgo.pt:10080', 'www.dpp.pt', 'www.facturar.com.pt', 'www.franciscopresidente.net', 'www.fundimo.pt', 'www.hisa.pt', 'www.ic.pt', 'www.impa.pt', 'www.lusa.pt', 'www.millenniumbcp.pt', 'www.move-a-mente.org', 'www.negocios.pt', 'www.noticiasdaamadora.com.pt', 'www.noticiasdeviseu.com', 'www.noticiaslusofonas.com', 'www.novarede.pt', 'www.ordemeconomistas.pt', 'www.partidonacional.org', 'www.pcp.pt', 'www.pmeportugal.com.pt', 'www.portugal.attac.org', 'www.portugal.gov.pt', 'www.portugaldiario.iol.pt', 'www.resistir.info', 'www.rr.pt', 'www.semanarioeconomico.com', 'www.sep.pt', 'www.snesup.pt', 'www.sntct.pt', 'www.solidariedade.pt', 'www.somague.pt', 'www.sottomayor.pt', 'www.stal.pt', 'www.stml.pt', 'www.totta.pt', 'www.ugt.pt', 'www.uniaolisboa-cgtp.pt', 'www.usi.pt', 'www.viaoceanica.com']
              melhor noticia: "Salário mínimo sobe para 500 euros"

  --- 2006 ---
  [combustivel ] n= 56 (pos-IQR=46) mediana=    1.20  std=  0.208  CV=0.17  rel_media=4.4
              fontes: ['africa.expresso.clix.pt', 'amicusficaria.blogspot.com', 'automotor.xl.pt', 'congeminacoes.weblog.com.pt', 'diariodigital.sapo.pt', 'dn.sapo.pt', 'fromsandra.blogspot.com', 'jn.sapo.pt', 'jornaldigital.com', 'jpn.icicom.up.pt', 'lua.weblog.com.pt', 'noticias.portugalmail.pt', 'noticiasdaamadora.com.pt', 'noticiasdeovar.blogspot.com', 'palavracruz.blogspot.com', 'portugalgay.pt', 'primeirasedicoes.expresso.clix.pt', 'publico.clix.pt', 'regressoaofuturo.blogs.sapo.pt', 'regressoaofuturo4.blogs.sapo.pt', 'sal-portugal.blogspot.com', 'tsf.sapo.pt', 'visaoonline.clix.pt', 'www.adse.pt', 'www.agenciafinanceira.iol.pt', 'www.aiminho.pt', 'www.antram.pt', 'www.autoportal.iol.pt', 'www.bdo.pt', 'www.bolabranca.com.pt', 'www.cm-castanheiradepera.pt', 'www.correiomanha.pt', 'www.diarioeconomico.com', 'www.fastaccess.pt', 'www.inresiduos.pt', 'www.jornaldigital.com', 'www.jornaldocentro.pt', 'www.motonline.pt', 'www.negocios.pt', 'www.noticiasdaamadora.com.pt', 'www.noticiasdeviseu.com', 'www.publico.clix.pt', 'www.record.pt', 'www.rochadosbordoes.blogspot.com', 'www.viaoceanica.com']
              melhor noticia: "Gasolina 95 sobe para 1,225 euros por litro"
