========================================================================
DIAGNOSTICO DO DATASET CUSTO PORTUGAL
Ficheiro fonte: data/checkpoint_v4.json
Total de registos extraidos: 1425
Total de snippets processados: 4250
========================================================================

ANO   |   hab  comb   sal   inf | desemp c_vida  ctx | TOTAL | IDE_OK
------------------------------------------------------------------------
1996  |     0     0     0     0 |      0      0    0 |     0 | 0/4
1997  |     0     0     0     3 |      1      1    0 |     5 | 1/4
1998  |     1     0     0     9 |      0      0    0 |    10 | 2/4
1999  |     0     0     2     0 |      0      0    0 |     2 | 1/4
2000  |     0     2     2     0 |      1      0    0 |     5 | 2/4
2001  |     0     1     1     2 |      4      0    0 |     8 | 3/4
2002  |     1     0     5     1 |      0      0    0 |     7 | 3/4
2003  |     0     2    66    62 |      4      2    0 |   136 | 3/4
2004  |     0    18    66     1 |      0      1    1 |    87 | 3/4
2005  |     5     5   117   111 |      3      2    0 |   243 | OK
2006  |     1    56    85     2 |      0      4    0 |   148 | OK
2007  |     6    54    83     5 |      4      0    0 |   152 | OK
2008  |     7    11   116    21 |      0      0    0 |   155 | OK
2009  |     0     0    59    56 |     61      1    4 |   181 | 2/4
2010  |     6     0    50     5 |     62      1    0 |   124 | 3/4
2011  |     4     1     3     1 |      2      1    1 |    13 | OK
2012  |     2     1     3     2 |      7      0    0 |    15 | OK
2013  |     0     1     1     0 |      4      0    2 |     8 | 2/4
2014  |     0     0     1     3 |      1      0    0 |     5 | 2/4
2015  |     0     1     7     4 |      3      1    1 |    17 | 3/4
2016  |     0     0     2     1 |      1      0    0 |     4 | 2/4
2017  |     0     3     5     0 |      8      0    0 |    16 | 2/4
2018  |     0     1     5     3 |      5      1    0 |    15 | 3/4
2019  |     5     1    10     4 |      4      0    1 |    25 | OK
2020  |     0     6     7     2 |      4      1    4 |    24 | 3/4
2021  |     0     1    12     2 |      0      1    1 |    17 | 3/4
2022  |     0     0     0     0 |      0      0    0 |     0 | 0/4
2023  |     0     0     0     0 |      0      0    0 |     0 | 0/4
2024  |     0     0     0     0 |      0      0    0 |     0 | 0/4
------------------------------------------------------------------------
Anos com todas as 4 categorias IDE preenchidas: 7/29

========================================================================
ANALISE DE COBERTURA POR CATEGORIA IDE
========================================================================

[COMBUSTIVEL]
  Anos COM dados reais (17): [2000, 2001, 2003, 2004, 2005, 2006, 2007, 2008, 2011, 2012, 2013, 2015, 2017, 2018, 2019, 2020, 2021]
  Anos SEM dados reais (12): [1996, 1997, 1998, 1999, 2002, 2009, 2010, 2014, 2016, 2022, 2023, 2024]
  Total de registos extraidos: 165
  Media de fontes/ano: 9.7  | Min: 1  Max: 56

[HABITACAO]
  Anos COM dados reais (10): [1998, 2002, 2005, 2006, 2007, 2008, 2010, 2011, 2012, 2019]
  Anos SEM dados reais (19): [1996, 1997, 1999, 2000, 2001, 2003, 2004, 2009, 2013, 2014, 2015, 2016, 2017, 2018, 2020, 2021, 2022, 2023, 2024]
  Total de registos extraidos: 38
  Media de fontes/ano: 3.8  | Min: 1  Max: 7

[INFLACAO]
  Anos COM dados reais (21): [1997, 1998, 2001, 2002, 2003, 2004, 2005, 2006, 2007, 2008, 2009, 2010, 2011, 2012, 2014, 2015, 2016, 2018, 2019, 2020, 2021]
  Anos SEM dados reais (8): [1996, 1999, 2000, 2013, 2017, 2022, 2023, 2024]
  Total de registos extraidos: 300
  Media de fontes/ano: 14.3  | Min: 1  Max: 111

[SALARIO]
  Anos COM dados reais (23): [1999, 2000, 2001, 2002, 2003, 2004, 2005, 2006, 2007, 2008, 2009, 2010, 2011, 2012, 2013, 2014, 2015, 2016, 2017, 2018, 2019, 2020, 2021]
  Anos SEM dados reais (6): [1996, 1997, 1998, 2022, 2023, 2024]
  Total de registos extraidos: 708
  Media de fontes/ano: 30.8  | Min: 1  Max: 117

========================================================================
VALORES EXTRAIDOS POR ANO E CATEGORIA (dados reais do Arquivo.pt)
========================================================================

  --- 1997 ---
  [inflacao    ] n=  3 (pos-IQR=2) mediana=    2.95  std=  0.778  CV=0.26  rel_media=4.7
              fontes: ['www.ccp.pt', 'www.icep.pt', 'www.min-plan.pt']
              melhor noticia: "Taxa de inflação em Portugal regista valores descendentes"

  --- 1998 ---
  [habitacao   ] n=  1 (pos-IQR=1) mediana= 1247.05  std=  0.000  CV=0.00  rel_media=4.0
              fontes: ['Expresso']
              melhor noticia: "Preço médio do metro quadrado de habitação atinge os 250 contos"
  [inflacao    ] n=  9 (pos-IQR=6) mediana=    2.70  std=  0.369  CV=0.14  rel_media=5.0
              fontes: ['vabbinfaru.bportugal.pt', 'www.aiportuense.pt', 'www.bportugal.pt', 'www.dgo.pt', 'www.icep.pt', 'www.iseg.utl.pt', 'www.min-financas.pt', 'www.partido-socialista.pt']
              melhor noticia: "Banco de Portugal publica indicadores de inflação e tendências de preç"

  --- 1999 ---
  [salario     ] n=  2 (pos-IQR=2) mediana=  310.65  std= 54.461  CV=0.18  rel_media=5.0
              fontes: ['Expresso', 'Jornal de Noticias']
              melhor noticia: "Salário Mínimo Nacional apresenta valorização real na década de 90"

  --- 2000 ---
  [combustivel ] n=  2 (pos-IQR=2) mediana=    0.80  std=  0.000  CV=0.00  rel_media=4.0
              fontes: ['portugalgay.pt', 'www.portugalgay.pt']
              melhor noticia: "Preço da gasolina sem chumbo 95 fixado em 160 escudos"
  [salario     ] n=  2 (pos-IQR=2) mediana=  340.81  std= 10.175  CV=0.03  rel_media=5.0
              fontes: ['Expresso', 'Jornal de Noticias']
              melhor noticia: "Portugal regista o salário mínimo mais baixo da União Europeia"

  --- 2001 ---
  [combustivel ] n=  1 (pos-IQR=1) mediana=    0.65  std=  0.000  CV=0.00  rel_media=4.0
              fontes: ['Expresso']
              melhor noticia: "Governo aumenta preços máximos dos combustíveis"
  [inflacao    ] n=  2 (pos-IQR=1) mediana=    4.10  std=  0.000  CV=0.00  rel_media=4.5
              fontes: ['Expresso']
              melhor noticia: "Inflação média em Portugal atinge 4,1% em junho"
  [salario     ] n=  1 (pos-IQR=1) mediana=  347.76  std=  0.000  CV=0.00  rel_media=5.0
              fontes: ['Jornal de Noticias']
              melhor noticia: "Salário Mínimo Nacional fixado em 69770 escudos"

  --- 2002 ---
  [habitacao   ] n=  1 (pos-IQR=1) mediana= 1631.00  std=  0.000  CV=0.00  rel_media=4.0
              fontes: ['Publico']
              melhor noticia: "Preço médio da habitação em Lisboa atinge 1631 euros por metro quadrad"
  [inflacao    ] n=  1 (pos-IQR=1) mediana=    3.70  std=  0.000  CV=0.00  rel_media=5.0
              fontes: ['TSF']
              melhor noticia: "Taxa de inflação média anual fixada nos 3,7 por cento"
  [salario     ] n=  5 (pos-IQR=3) mediana=  348.00  std= 58.903  CV=0.17  rel_media=5.0
              fontes: ['Expresso', 'Publico', 'RTP', 'TSF']
              melhor noticia: "Salário mínimo nacional convertido para euros"

  --- 2003 ---
  [combustivel ] n=  2 (pos-IQR=2) mediana=    0.95  std=  0.000  CV=0.00  rel_media=4.0
              fontes: ['Expresso']
              melhor noticia: "Preço máximo da gasolina sem chumbo 95 desce para 0,95 euros por litro"
  [inflacao    ] n= 62 (pos-IQR=52) mediana=    2.90  std=  1.230  CV=0.42  rel_media=4.6
              fontes: ['Expresso', 'Publico', 'beta.cidadebcp.pt', 'eventos.clix.pt', 'hp.agenciafinanceira.sapo.pt', 'ii.bes.pt', 'ir.telecom.pt', 'jn.sapo.pt', 'negocios.clix.pt', 'negocios.oninet.pt', 'negocios.pt', 'negocios.vizzavi.pt', 'pt.online.pt', 'pwp.netcabo.pt', 'srea.ine.pt', 'tsf.sapo.pt', 'www.aecops.pt', 'www.aeportugal.pt', 'www.banco-privado.pt', 'www.bcpinvestimento.pt', 'www.bigcorretora.pt', 'www.bigonline.pt', 'www.bportugal.pt', 'www.cbranco.ps.pt', 'www.cidadebcp.pt', 'www.conf-quadros.pt', 'www.cotavalor.pt', 'www.datae.pt', 'www.dgep.pt', 'www.dgo.pt', 'www.diariodigital.pt', 'www.erse.pt', 'www.fd.uc.pt', 'www.iapmei.pt', 'www.igcp.pt', 'www.ine.pt', 'www.inforauto.pt', 'www.netgestao.online.pt', 'www.orelhas.pt', 'www.pmeinvestimentos.pt', 'www.sbsi.pt', 'www.setubal.ps.pt', 'www.sindefer.pt', 'www.ste.pt', 'www.telecom.pt', 'www.tvi.iol.pt', 'www.ugt.pt', 'www.visaoonline.pt', 'www3.bta.pt']
              melhor noticia: "Taxa de inflação média em Portugal desce para 4,3 por cento"
  [salario     ] n= 66 (pos-IQR=35) mediana=  356.00  std=  0.901  CV=0.00  rel_media=4.9
              fontes: ['Expresso', 'Publico', 'RTP', 'TSF', 'cgtp.pt', 'da.online.pt', 'dn.sapo.pt', 'http.www.portugalmail.pt', 'iscte-teste.iscte.pt', 'jn.sapo.pt', 'negocios.oninet.pt', 'negocios.vizzavi.pt', 'noticias.clix.pt', 'pages.madinfo.pt', 'portugalmail.pt', 'referendo.iscte.pt', 'sic.sapo.pt', 'sindefer.pt', 'tsf.sapo.pt', 'turboonline.clix.pt', 'turboonline.pt', 'www.aeportugal.pt', 'www.amip.pt', 'www.anemm.pt', 'www.antena-minho.pt', 'www.avante.pt', 'www.bdo.pt', 'www.betiadro.pt', 'www.cgtp.pt', 'www.clubefiscal.pt', 'www.cm-evora.pt', 'www.conf-quadros.pt', 'www.correiomanha.pt', 'www.de.iol.pt', 'www.detefp.pt', 'www.diariodominho.pt', 'www.europeias.iscte.pt', 'www.finibanco.pt', 'www.fnsfp.pt', 'www.jovem.te.pt', 'www.msst.gov.pt', 'www.negocios.pt', 'www.netjobs.pt', 'www.nucase.pt', 'www.pcp.pt', 'www.pkf.pt', 'www.portugaldiario.iol.pt', 'www.siconline.pt', 'www.siesi.pt', 'www.sindefer.pt', 'www.ste.pt', 'www.totta.pt', 'www.ugt.pt', 'www.vlm-consultores.pt']
              melhor noticia: "Revisão do Salário Mínimo Nacional em 2003"

  --- 2004 ---
  [combustivel ] n= 18 (pos-IQR=16) mediana=    1.05  std=  0.070  CV=0.07  rel_media=4.0
              fontes: ['Publico', 'RTP', 'TSF', 'arre.weblog.com.pt', 'automotor.xl.pt', 'visaoonline.pt', 'www.agenciafinanceira.iol.pt', 'www.atlanticofm.web.pt', 'www.correiomanha.pt', 'www.expressoemprego.pt', 'www.noticiasdaamadora.com.pt', 'www.portugaldiario.iol.pt', 'www.portugalgay.pt', 'www.tvi.iol.pt']
              melhor noticia: "Preços dos combustíveis em Portugal"
  [inflacao    ] n=  1 (pos-IQR=1) mediana=    3.30  std=  0.000  CV=0.00  rel_media=5.0
              fontes: ['TSF']
              melhor noticia: "Inflação média em Portugal fixou-se nos 3,3% em 2003"
  [salario     ] n= 66 (pos-IQR=50) mediana=  365.60  std=  9.323  CV=0.03  rel_media=4.8
              fontes: ['Expresso', 'Publico', 'RTP', 'TSF', 'adufe.weblog.com.pt', 'arre.weblog.com.pt', 'cabra.aac.uc.pt', 'campus.sapo.pt', 'candil.blogs.sapo.pt', 'coli.blogs.sapo.pt', 'diariodigital.sapo.pt', 'dn.sapo.pt', 'jn.sapo.pt', 'negocios.oninet.pt', 'noticias.clix.pt', 'online.expresso.clix.pt', 'pcp.pt', 'publicoemprego.pt', 'pwp.netcabo.pt', 'sic.sapo.pt', 'siconline.sapo.pt', 'tsf.sapo.pt', 'turboonline.pt', 'www.aac.uc.pt', 'www.agenciafinanceira.iol.pt', 'www.aiminho.pt', 'www.apagina.pt', 'www.aresp.pt', 'www.banifinvestimento.pt', 'www.cgtp.pt', 'www.conf-quadros.pt', 'www.confagri.pt:8000', 'www.dn.sapo.pt', 'www.iscte.pt', 'www.jornalfiscal.pt', 'www.leirianet.pt', 'www.millenniumbcp.pt', 'www.mmc.pt', 'www.negocios.pt', 'www.netjobs.pt', 'www.noticiasdaamadora.com.pt', 'www.orelhas.pt', 'www.partidonacional.org', 'www.pcp.pt', 'www.portugaldiario.iol.pt', 'www.rr.pt', 'www.sep.pt', 'www.sic.sapo.pt', 'www.tvi.iol.pt', 'www.usi.pt', 'www.ussetubal.pt', 'www.visaoonline.pt']
              melhor noticia: "Governo aumenta Salário Mínimo Nacional em 2,5 por cento"

  --- 2005 ---
  [combustivel ] n=  5 (pos-IQR=5) mediana=    1.50  std=  0.848  CV=0.57  rel_media=4.0
              fontes: ['RTP', 'publico.clix.pt', 'seminarios.ist.utl.pt', 'www.bancomillenniumbcp.pt', 'www.zamundas.com']
              melhor noticia: "Preço de referência do gasóleo rodoviário sobe para 0,980 euros por li"
              valores brutos: [0.98, 1.12, 1.5, 1.5, 3.1]
              valores pos-IQR: [0.98, 1.12, 1.5, 1.5, 3.1]
  [habitacao   ] n=  5 (pos-IQR=3) mediana= 2248.00  std=1042.546  CV=0.46  rel_media=4.0
              fontes: ['Publico', 'agenciafinanceira.iol.pt', 'www.cmvm.pt', 'www.correiodamanha.pt', 'www.pcp.pt']
              melhor noticia: "Preço da habitação nova em Lisboa regista variação positiva"
              valores brutos: [550, 2248.0, 2447.0]
              valores pos-IQR: [550, 2248.0, 2447.0]
  [inflacao    ] n=111 (pos-IQR=71) mediana=    2.20  std=  1.000  CV=0.45  rel_media=4.4
              fontes: ['Publico', 'RTP', 'TSF', 'abre-surdo.blogspot.com', 'adufe.weblog.com.pt', 'alea-estp.ine.pt', 'alea.ine.pt', 'br.news.yahoo.com', 'canais.sapo.pt', 'diariodigital.sapo.pt', 'dn.sapo.pt', 'fcoelho.com.sapo.pt', 'gemf.fe.uc.pt', 'graodeareia-attac.weblog.com.pt', 'jn.sapo.pt', 'jpn.icicom.up.pt', 'noticias.portugalmail.pt', 'online.expresso.clix.pt', 'pt.indymedia.org', 'sic.sapo.pt', 'siconline.sapo.pt', 'sweet.ua.pt', 'tsf.sapo.pt', 'www.aeportugal.pt', 'www.agenciafinanceira.iol.pt', 'www.agroportal.pt', 'www.amip.pt', 'www.anacom.pt', 'www.bbva.pt', 'www.bigonline.pt', 'www.bolabranca.com.pt', 'www.bpatlantico.pt', 'www.bpiinvestimentos.pt', 'www.bportugal.pt', 'www.bpsm.pt', 'www.causaliberal.net', 'www.cbranco.ps.pt', 'www.deco.proteste.pt', 'www.deco.pt', 'www.decon.uevora.pt', 'www.dge.ubi.pt', 'www.dgep.pt', 'www.edideco.pt', 'www.gep-moptc.pt', 'www.gep-mopth.pt', 'www.gov-madeira.pt', 'www.icep.pt', 'www.icp-anacom.pt', 'www.icp.pt', 'www.idealadviser.com', 'www.infoforum.com.pt', 'www.infoforum.pt', 'www.investirseguro.com', 'www.isegi.unl.pt', 'www.jornaldamadeira.pt', 'www.joseapolinario.net', 'www.lusa.pt', 'www.negocios.pt', 'www.noticiasdaamadora.com.pt', 'www.noticiasdeviseu.com', 'www.orelhas.pt', 'www.portugal.gov.pt', 'www.portugaldiario.iol.pt', 'www.proteste.pt', 'www.radiorenascenca.com.pt', 'www.resistir.info', 'www.rr.com.pt', 'www.rr.pt', 'www.setubal.ps.pt', 'www.sgmf.pt', 'www.solnet.com', 'www.sprc.pt', 'www.telecom.pt', 'www.totta.pt', 'www.tvi.iol.pt', 'www.uac.pt', 'www.uevora.pt', 'www.universiabrasil.net', 'www4.fe.uc.pt']
              melhor noticia: "Inflação estagna em Portugal"
  [salario     ] n=117 (pos-IQR=40) mediana=  374.70  std= 20.064  CV=0.05  rel_media=4.8
              fontes: ['TSF', 'africa.sapo.pt', 'algarveglobal.blogspot.com', 'arre.weblog.com.pt', 'cduportalegre.blogs.sapo.pt', 'cm-alpiarca.pt', 'diariodigital.sapo.pt', 'dn.sapo.pt', 'dorl.pcp.pt', 'homebanking.novarede.pt', 'iletradosunidos.blogspot.com', 'jornal.publico.clix.pt', 'marocas.blogs.sapo.pt', 'noticiasdaamadora.com.pt', 'os-caes-ladram-e-a-caravana-passa.weblog.com.pt', 'pcnunes.tripod.com', 'portimao-nacional.blogspot.com', 'portugal-e-arredores.blogspot.com', 'portugal.indymedia.org', 'pt.indymedia.org', 'quintadojoao.blogspot.com', 'sic.sapo.pt', 'stal.pt', 'suotempore.blogspot.com', 'tsf.sapo.pt', 'visaoonline.clix.pt', 'web3.cmvm.pt', 'www-2.sic.pt', 'www.agenciafinanceira.iol.pt', 'www.algarveglobal.blogspot.com', 'www.apagina.pt', 'www.apfn.com.pt', 'www.asficpj.org', 'www.atlanticobcp.pt', 'www.bancomillenniumbcp.pt', 'www.bcp.pt', 'www.bloco.org', 'www.bnc.pt', 'www.bncempresas.pt', 'www.bpatlantico.pt', 'www.bpsm.pt', 'www.carcasse.com', 'www.carloscoelho.org', 'www.cbranco.ps.pt', 'www.centrodeemergencia.com', 'www.cgtp.pt', 'www.cm-alpiarca.pt', 'www.cm-azambuja.pt', 'www.cma.cm-alpiarca.pt', 'www.consumidor.pt', 'www.correiodamanha.pt', 'www.correiomanha.pt', 'www.dgo.pt', 'www.dgo.pt:10080', 'www.dpp.pt', 'www.facturar.com.pt', 'www.franciscopresidente.net', 'www.fundimo.pt', 'www.hisa.pt', 'www.ic.pt', 'www.impa.pt', 'www.lusa.pt', 'www.millenniumbcp.pt', 'www.move-a-mente.org', 'www.negocios.pt', 'www.noticiasdaamadora.com.pt', 'www.noticiasdeviseu.com', 'www.noticiaslusofonas.com', 'www.novarede.pt', 'www.ordemeconomistas.pt', 'www.partidonacional.org', 'www.pcp.pt', 'www.pmeportugal.com.pt', 'www.portugal.attac.org', 'www.portugal.gov.pt', 'www.portugaldiario.iol.pt', 'www.resistir.info', 'www.rr.pt', 'www.semanarioeconomico.com', 'www.sep.pt', 'www.snesup.pt', 'www.sntct.pt', 'www.solidariedade.pt', 'www.somague.pt', 'www.sottomayor.pt', 'www.stal.pt', 'www.stml.pt', 'www.totta.pt', 'www.ugt.pt', 'www.uniaolisboa-cgtp.pt', 'www.usi.pt', 'www.viaoceanica.com']
              melhor noticia: "Salário mínimo sobe para 500 euros"

  --- 2006 ---
  [combustivel ] n= 56 (pos-IQR=46) mediana=    1.20  std=  0.208  CV=0.17  rel_media=4.4
              fontes: ['africa.expresso.clix.pt', 'amicusficaria.blogspot.com', 'automotor.xl.pt', 'congeminacoes.weblog.com.pt', 'diariodigital.sapo.pt', 'dn.sapo.pt', 'fromsandra.blogspot.com', 'jn.sapo.pt', 'jornaldigital.com', 'jpn.icicom.up.pt', 'lua.weblog.com.pt', 'noticias.portugalmail.pt', 'noticiasdaamadora.com.pt', 'noticiasdeovar.blogspot.com', 'palavracruz.blogspot.com', 'portugalgay.pt', 'primeirasedicoes.expresso.clix.pt', 'publico.clix.pt', 'regressoaofuturo.blogs.sapo.pt', 'regressoaofuturo4.blogs.sapo.pt', 'sal-portugal.blogspot.com', 'tsf.sapo.pt', 'visaoonline.clix.pt', 'www.adse.pt', 'www.agenciafinanceira.iol.pt', 'www.aiminho.pt', 'www.antram.pt', 'www.autoportal.iol.pt', 'www.bdo.pt', 'www.bolabranca.com.pt', 'www.cm-castanheiradepera.pt', 'www.correiomanha.pt', 'www.diarioeconomico.com', 'www.fastaccess.pt', 'www.inresiduos.pt', 'www.jornaldigital.com', 'www.jornaldocentro.pt', 'www.motonline.pt', 'www.negocios.pt', 'www.noticiasdaamadora.com.pt', 'www.noticiasdeviseu.com', 'www.publico.clix.pt', 'www.record.pt', 'www.rochadosbordoes.blogspot.com', 'www.viaoceanica.com']
              melhor noticia: "Gasolina 95 sobe para 1,225 euros por litro"
  [habitacao   ] n=  1 (sem valores numericos validos)
  [inflacao    ] n=  2 (sem valores numericos validos)
  [salario     ] n= 85 (pos-IQR=46) mediana=  397.35  std= 64.705  CV=0.16  rel_media=4.8
              fontes: ['100papasnalingua.blogs.sapo.pt', 'Publico', 'RTP', 'TSF', 'acores.sapo.pt', 'adrnp-centrosocial.org.pt', 'africa.expresso.clix.pt', 'assertivo.blogspot.com', 'blog.com.pt', 'blog.liberal-social.org', 'boletimdocontribuinte.pt', 'da.online.pt', 'deza7.blogs.sapo.pt', 'diariodigital.sapo.pt', 'diarioeconomico.sapo.pt', 'dn.sapo.pt', 'gaia.org.pt', 'hammer.blogdrive.com', 'ideias-soltas.weblog.com.pt', 'infoline.ine.pt', 'infordesporto.sapo.pt', 'jn.sapo.pt', 'jvcosta.planetaclix.pt', 'lua.weblog.com.pt', 'noticiasdaamadora.com.pt', 'oinsurgente.blogspot.com', 'online.expresso.clix.pt', 'pme.online.pt', 'publico.clix.pt', 'sic.sapo.pt', 'sol.sapo.pt', 'tintafresca.blogs.sapo.pt', 'tsf.sapo.pt', 'tvtel.pt', 'visaoonline.clix.pt', 'www-2.sic.pt', 'www.aep.com.pt', 'www.agenciafinanceira.iol.pt', 'www.apagina.pt', 'www.apat.pt', 'www.barlavento.online.pt', 'www.bcp.pt', 'www.carloscoelho.org', 'www.cdspp.pt', 'www.centrodeemergencia.com', 'www.correiomanha.pt', 'www.cpuc.org.pt', 'www.dpp.pt', 'www.gestaodocondominio.net', 'www.lusa.pt', 'www.municipalis.pt', 'www.negocios.pt', 'www.noticiasdaamadora.com.pt', 'www.noticiasdeviseu.com', 'www.nunot.pt', 'www.pcp.pt', 'www.portoseguro.co.pt', 'www.portugaldiario.iol.pt', 'www.pscaldas.org', 'www.rr.pt', 'www.semanario.pt']
              melhor noticia: "Salário mínimo nacional"

  --- 2007 ---
  [combustivel ] n= 54 (pos-IQR=41) mediana=    1.50  std=  0.146  CV=0.10  rel_media=4.0
              fontes: ['RTP', 'a_verdade_da_mentira.weblog.com.pt', 'aeda.blogs.sapo.pt', 'agenciafinanceira.iol.pt', 'ambientequalvida.blogs.sapo.pt', 'automotor.xl.pt', 'boletimdocontribuinte.pt', 'demoliberal.com.pt', 'diarioeconomico.sapo.pt', 'dn.sapo.pt', 'docentes.fe.unl.pt', 'expresso.clix.pt', 'gesventure.pt', 'invisiblehand.blogs.sapo.pt', 'jn.sapo.pt', 'jpn.icicom.up.pt', 'lua.weblog.com.pt', 'mocho.weblog.com.pt', 'mundofred.home.sapo.pt', 'new.antena-minho.pt', 'ofunil.blogs.sapo.pt', 'q3.aeiou.pt', 'realgana.blogs.sapo.pt', 'sol.sapo.pt', 'www.agenciafinanceira.iol.pt', 'www.agroportal.pt', 'www.ambienteonline.pt', 'www.aream.pt', 'www.autoridadedaconcorrencia.pt', 'www.bancodeportugal.pt', 'www.conf-quadros.pt', 'www.correiodamanha.pt', 'www.correiomanha.pt', 'www.dn.sapo.pt', 'www.gesbanha.pt', 'www.governo.gov.pt', 'www.iambiente.pt', 'www.jornaldamadeira.pt', 'www.montepio.pt', 'www.negocios.pt', 'www.netcentro.pt', 'www.obercom.pt', 'www.pcp.pt', 'www.publico.clix.pt', 'www.tvi.iol.pt', 'www.vidaeconomica.pt', 'www.vozdaplanicie.pt', 'www2.egi.ua.pt']
              melhor noticia: "Energia aumenta preço da gasolina para 1,358 euros por litro"
  [habitacao   ] n=  6 (pos-IQR=1) mediana= 1217.00  std=  0.000  CV=0.00  rel_media=4.0
              fontes: ['boletimdocontribuinte.pt', 'diarioeconomico.sapo.pt', 'dn.sapo.pt', 'ii.bes.pt', 'www.agenciafinanceira.iol.pt', 'www.fep.up.pt']
              melhor noticia: "Preço das casas está a cair desde o final de 2005"
  [inflacao    ] n=  5 (pos-IQR=2) mediana=    2.50  std=  0.000  CV=0.00  rel_media=4.0
              fontes: ['home.fa.utl.pt', 'ideiasfixas2.blogs.sapo.pt', 'new.antena-minho.pt', 'sic.sapo.pt']
              melhor noticia: "Aumentos para 2007"
  [salario     ] n= 83 (pos-IQR=31) mediana=  423.00  std= 65.502  CV=0.15  rel_media=4.8
              fontes: ['2rosas.weblog.com.pt', 'Publico', 'RTP', 'TSF', 'alutablog.blogs.sapo.pt', 'arquitectos.pt', 'bde.weblog.com.pt', 'boletimdocontribuinte.pt', 'cgtp.pt', 'desgovernos.blogs.sapo.pt', 'diariodigital.sapo.pt', 'dizer_bem.weblog.com.pt', 'dn.sapo.pt', 'empregos.online.pt', 'eunaodesisto.blogs.sapo.pt', 'ii.bes.pt', 'jn.sapo.pt', 'jpn.icicom.up.pt', 'martinssanches.blogs.sapo.pt', 'montijo-blog.weblog.com.pt', 'noticias.sapo.pt', 'omilitante.pcp.pt', 'pascal.iseg.utl.pt', 'portal.cm-portalegre.pt', 'saladamista.blogs.sapo.pt', 'sic.sapo.pt', 'superemprego.sapo.pt', 'sweet.ua.pt', 'tintafresca.blogs.sapo.pt', 'touaqui42.blogs.sapo.pt', 'troll-urbano.weblog.com.pt', 'ultimahora.publico.clix.pt', 'www.agenciafinanceira.iol.pt', 'www.apcmc.pt', 'www.bca.pt', 'www.bportugal.pt', 'www.bpsm.pt', 'www.cgd.pt', 'www.cm-portalegre.pt', 'www.conf-quadros.pt', 'www.correiodamanha.xl.pt', 'www.correiomanha.pt', 'www.demoliberal.com.pt', 'www.dgci.min-financas.pt', 'www.dgefp.msst.gov.pt', 'www.dgert.msst.gov.pt', 'www.dgo.pt', 'www.diramb.gov.pt', 'www.fcee.ucp.pt', 'www.fd.uc.pt', 'www.fep.up.pt', 'www.iapmei.pt', 'www.ine.pt', 'www.inforfisco.pt', 'www.ipp.pt', 'www.irsocial.mj.pt', 'www.isegi.unl.pt', 'www.negocios.pt', 'www.novabase.pt', 'www.pcp.pt', 'www.portaldocidadao.pt', 'www.portugal.gov.pt', 'www.portugaldiario.iol.pt', 'www.redecivil.mj.pt', 'www.rr.pt', 'www.sas.utl.pt', 'www.sbn.pt', 'www.spi.pt', 'www.tcontas.pt']
              melhor noticia: "Salário mínimo nacional em 2007"

  --- 2008 ---
  [combustivel ] n= 11 (pos-IQR=10) mediana=    1.50  std=  0.202  CV=0.13  rel_media=4.0
              fontes: ['TSF', 'aguiarconraria.blogsome.com', 'carteira.pt', 'jn.sapo.pt', 'noticias.sapo.pt', 'oje.viatecla.pt', 'q3.aeiou.pt', 'www.aresp.pt', 'www.correiomanha.xl.pt', 'www.tvnet.pt']
              melhor noticia: "Preço da gasolina sem chumbo 95 fixado em 1,004 euros"
  [habitacao   ] n=  7 (sem valores numericos validos)
  [inflacao    ] n= 21 (pos-IQR=2) mediana=    0.27  std=  0.049  CV=0.19  rel_media=4.1
              fontes: ['Expresso', 'Publico', 'blogfactos.lpmcom.pt', 'diariodigital.sapo.pt', 'diarioeconomico.sapo.pt', 'regiao-sul.pt', 'www.cgd.pt', 'www.correiodamanha.xl.pt', 'www.correiomanha.pt', 'www.dif.pt', 'www.dn.sapo.pt', 'www.newstin.com.pt', 'www.ordemeconomistas.pt', 'www.ordemengenheiros.pt', 'www.portugal.gov.pt', 'www.pt.capgemini.com', 'www.regiaosul.pt', 'www.rr.pt', 'www.stfpsa.pt']
              melhor noticia: "Portugal reentra em recessão"
  [salario     ] n=116 (pos-IQR=43) mediana=  426.50  std= 55.260  CV=0.13  rel_media=4.9
              fontes: ['Expresso', 'Publico', 'RTP', 'TSF', 'acica.com.pt', 'aeiou.exame.pt', 'apfn.com.pt', 'carteira.pt', 'cesp.pt', 'cgtp.pt', 'conf-quadros.pt', 'congeminacoes.weblog.com.pt', 'conteudos.sibace.pt', 'demo.pcp.pt', 'diario.iol.pt', 'diariodigital.sapo.pt', 'diarioeconomico.sapo.pt', 'dn.sapo.pt', 'docentes.fe.unl.pt', 'economia.publico.clix.pt', 'feeds.feedburner.com', 'feeds.newstin.com', 'fesete.pt', 'fiequimetal.pt', 'foruns.agenciafinanceira.iol.pt', 'graodeareia-attac.weblog.com.pt', 'jpn.icicom.up.pt', 'lusitania88.blogs.sapo.pt', 'oam.risco.pt', 'omilitante.pcp.pt', 'politica.pt', 'portugalnet.pt', 'prof.santana-e-silva.pt', 'pt.wikipedia.org', 'q3.aeiou.pt', 'resistir.info', 'sindicatovermelho.blogs.sapo.pt', 'stal.pt', 'tsf.sapo.pt', 'www.aeportugal.pt', 'www.aneop.pt', 'www.anilact.com', 'www.anje.pt', 'www.apagina.pt', 'www.apima.pt', 'www.aresp.pt', 'www.banco-privado.pt', 'www.bancodeportugal.pt', 'www.bpcc.pt', 'www.bportugal.pt', 'www.casadobrasil.info', 'www.cesp.pt', 'www.cgtp.pt', 'www.compromissoportugal.pt', 'www.dn.sapo.pt', 'www.fd.uc.pt', 'www.fenprof.pt', 'www.fnerdm.pt', 'www.fundimo.pt', 'www.ifc-madeira.gov.pt', 'www.igeo.pt', 'www.imooty.pt', 'www.investquest.pt', 'www.iscet.pt', 'www.isegi.unl.pt', 'www.ishst.pt', 'www.knightfrank.pt', 'www.leader.pt', 'www.lis.ulusiada.pt', 'www.luta-social.org', 'www.meiahora.pt', 'www.newstin.com.pt', 'www.ordemengenheiros.pt', 'www.orelhas.pt', 'www.pcp.pt', 'www.pmeportugal.pt', 'www.porto.pcp.pt', 'www.portugal.gov.pt', 'www.rr.pt', 'www.semanario.pt', 'www.setubalnarede.pt', 'www.sintaf.pt', 'www.stal.pt', 'www.telecom.pt', 'www.tsf.sapo.pt', 'www.udp.pt', 'www.ugt.pt']
              melhor noticia: "Salário mínimo em Portugal"

  --- 2009 ---
  [inflacao    ] n= 56 (pos-IQR=32) mediana=    0.15  std=  1.659  CV=11.06  rel_media=4.4
              fontes: ['alea-estp.ine.pt', 'alea.ine.pt', 'aliastu.blogspot.com', 'altavisa.pt', 'causaliberal.net', 'cdeitado.blogspot.com', 'clientebancario.bportugal.pt', 'e.conomia.info', 'economia.publico.clix.pt', 'economiafinancas.com', 'economico.sapo.pt', 'econominho.blogspot.com', 'eleicoes2009.info', 'home.eol.ca', 'jopms.blogspot.com', 'kantoximpi.blogspot.com', 'liliana4.blogspot.com', 'mklagarica.com.sapo.pt', 'movv.org', 'mundolusiada.com.br', 'oje.pt', 'opaisdoburro.blogspot.com', 'outrasescritas.blogspot.com', 'pbteixeira.blogspot.com', 'pensarviseu.blogspot.com', 'tsf.sapo.pt', 'ultimahora.publico.clix.pt', 'vistodaeconomia.blogspot.com', 'www.agenciabrasil.gov.br', 'www.alea.pt', 'www.algarvepress.net', 'www.altavisa.pt', 'www.bancodeportugal.pt', 'www.bcv.cv', 'www.bportugal.pt', 'www.causaliberal.net', 'www.esquerda.net', 'www.fep.up.pt', 'www.interban.info', 'www.janusonline.pt', 'www.lawrei.eu', 'www.liberal-social.org', 'www.netcentro.pt', 'www.observatorioagricola.pt', 'www.oje.pt', 'www.portugal-linha.pt', 'www.portugalvivo.com', 'www.sbn.pt', 'www4.fe.uc.pt']
              melhor noticia: "Inflaçāo em Portugal desce para -1,2%"
  [salario     ] n= 59 (pos-IQR=30) mediana=  470.00  std= 50.605  CV=0.11  rel_media=4.8
              fontes: ['Expresso', 'RTP', 'aartedafuga.blogspot.com', 'acercadanet.blogspot.com', 'aguiarconraria.blogsome.com', 'altamiroborges.blogspot.com', 'blogs.sapo.pt', 'cachimbodemagritte.blogspot.com', 'cgtp.pt', 'conteudos.sibace.pt', 'corporacoes.blogspot.com', 'cronicadomigas.blogspot.com', 'daliteratura.blogspot.com', 'demografias.blogspot.com', 'diario.iol.pt', 'dn.sapo.pt', 'economia.publico.clix.pt', 'economiafinancas.com', 'economico.sapo.pt', 'ferroadas2.blogspot.com', 'graodeareia-attac.weblog.com.pt', 'jornal.publico.clix.pt', 'jornalpovodeportugal.eu', 'jpn.icicom.up.pt', 'noticias.sapo.pt', 'ocanhoto.blogspot.com', 'omilitante.pcp.pt', 'pecados7mortais.blogspot.com', 'resistir.info', 'sic.sapo.pt', 'siesi.pt', 'tsf.sapo.pt', 'ultimahora.publico.clix.pt', 'www.agenciafinanceira.iol.pt', 'www.bportugal.pt', 'www.ccp.pt', 'www.cgtp.pt', 'www.destak.pt', 'www.esquerda.net', 'www.jornaldenegocios.pt', 'www.jornaldigital.com', 'www.lawrei.eu', 'www.mep.pt', 'www.noticiaslusofonas.com', 'www.o-informador-fiscal.pt', 'www.pcp.pt', 'www.portugal.gov.pt', 'www.ps.pt', 'www.psd.pt']
              melhor noticia: "Governo fixa salário mínimo em 475 euros"

  --- 2010 ---
  [habitacao   ] n=  6 (pos-IQR=1) mediana= 1649.00  std=  0.000  CV=0.00  rel_media=4.0
              fontes: ['Expresso', 'optimize.com.pt', 'www.optimize.pt', 'www.parcialinvest.pt', 'www.proi.com.pt']
              melhor noticia: "Mercado imobiliário está em estabilização"
  [inflacao    ] n=  5 (pos-IQR=3) mediana=    1.90  std=  3.978  CV=2.09  rel_media=4.4
              fontes: ['Publico', 'www.bportugal.pt', 'www.cincup.pt', 'www.gepe.min-edu.pt', 'www.ionline.pt']
              melhor noticia: "Dívida: Portugal fixa um novo máximo histórico - 6,95%"
              valores brutos: [-0.9, 1.9, 6.95]
              valores pos-IQR: [-0.9, 1.9, 6.95]
  [salario     ] n= 50 (pos-IQR=24) mediana=  475.00  std= 17.549  CV=0.04  rel_media=4.7
              fontes: ['195.245.197.196', 'Publico', 'cachimbodemagritte.blogspot.com', 'cartasafilosofia.blogspot.com', 'demagocracia.blogspot.com', 'diario.iol.pt', 'dn.sapo.pt', 'economiafinancas.com', 'economico.sapo.pt', 'files.befrazao.webnode.com.pt', 'grandelojadoqueijolimiano.blogspot.com', 'incentivos.qren.pt', 'milnove79.blogspot.com', 'noticias.universia.pt', 'observatorio-lisboa.reapn.org', 'parasitasdedeus.blogspot.com', 'patiodasconversas.blogspot.com', 'port.pravda.ru', 'resistir.info', 'trintadefevereiro.no.sapo.pt', 'www.aauab.pt', 'www.agenciafinanceira.iol.pt', 'www.cantinhodoemprego.com', 'www.cm-lisboa.pt', 'www.diario-algarve.com', 'www.diarioleiria.pt', 'www.imonews.pt', 'www.ionline.pt', 'www.maisactual.pt', 'www.maisvalias.com', 'www.maisvalias.net', 'www.min-edu.pt', 'www.portugal.gov.pt', 'www.qren.pt', 'www.rostos.pt', 'www.vozoperario.pt', 'www.zurich.com']
              melhor noticia: "Governo e parceiros sociais acordam subida do Salário Mínimo Nacional"

  --- 2011 ---
  [combustivel ] n=  1 (pos-IQR=1) mediana=    1.60  std=  0.000  CV=0.00  rel_media=4.0
              fontes: ['TSF']
              melhor noticia: "Preço da gasolina poderá registar a maior descida do ano"
  [habitacao   ] n=  4 (pos-IQR=4) mediana= 1140.00  std= 32.357  CV=0.03  rel_media=4.5
              fontes: ['Diario de Noticias', 'Jornal de Noticias', 'Publico', 'www.ionline.pt']
              melhor noticia: "Avaliação bancária da habitação desce para 1128 euros por metro quadra"
  [inflacao    ] n=  1 (sem valores numericos validos)
  [salario     ] n=  3 (pos-IQR=2) mediana=  500.00  std=  0.000  CV=0.00  rel_media=4.7
              fontes: ['Diario de Noticias', 'TSF']
              melhor noticia: "Salário mínimo nacional em risco de revisão"

  --- 2012 ---
  [combustivel ] n=  1 (sem valores numericos validos)
  [habitacao   ] n=  2 (pos-IQR=2) mediana= 1013.50  std= 58.690  CV=0.06  rel_media=4.5
              fontes: ['Jornal de Noticias', 'Publico']
              melhor noticia: "Avaliação bancária das habitações atinge 972 euros por metro quadrado"
  [inflacao    ] n=  2 (pos-IQR=2) mediana=    1.60  std=  1.556  CV=0.97  rel_media=5.0
              fontes: ['Diario de Noticias', 'www.ionline.pt']
              melhor noticia: "FMI confirma recessão em Portugal"
              valores brutos: [0.5, 2.7]
              valores pos-IQR: [0.5, 2.7]
  [salario     ] n=  3 (sem valores numericos validos)

  --- 2013 ---
  [combustivel ] n=  1 (pos-IQR=1) mediana=    1.36  std=  0.000  CV=0.00  rel_media=4.0
              fontes: ['Publico']
              melhor noticia: "Preços da gasolina e do gasóleo deverão subir até um cêntimo por litro"
  [salario     ] n=  1 (sem valores numericos validos)

  --- 2014 ---
  [inflacao    ] n=  3 (pos-IQR=2) mediana=    0.15  std=  0.212  CV=1.41  rel_media=4.3
              fontes: ['Publico', 'RTP']
              melhor noticia: "Taxa de inflação mantém-se a zero em Portugal"
              valores brutos: [0.0, 0.3]
              valores pos-IQR: [0.0, 0.3]
  [salario     ] n=  1 (sem valores numericos validos)

  --- 2015 ---
  [combustivel ] n=  1 (pos-IQR=1) mediana=    1.22  std=  0.000  CV=0.00  rel_media=4.0
              fontes: ['RTP']
              melhor noticia: "Consumo de gasóleo aumenta 3,8% e gasolina sobe 0,9% até março"
  [inflacao    ] n=  4 (pos-IQR=2) mediana=    0.50  std=  2.121  CV=4.24  rel_media=4.5
              fontes: ['Diario de Noticias', 'Jornal de Noticias', 'RTP', 'www.ionline.pt']
              melhor noticia: "Inflação volta a ser negativa em Portugal após cinco anos"
              valores brutos: [-1, 2.0]
              valores pos-IQR: [-1, 2.0]
  [salario     ] n=  7 (pos-IQR=1) mediana=  505.00  std=  0.000  CV=0.00  rel_media=4.9
              fontes: ['Publico', 'RTP', 'www.ionline.pt']
              melhor noticia: "Salário mínimo nacional fixado nos 505 euros"

  --- 2016 ---
  [inflacao    ] n=  1 (pos-IQR=1) mediana=    1.70  std=  0.000  CV=0.00  rel_media=4.0
              fontes: ['RTP']
              melhor noticia: "Fundo melhora ligeiramente previsões para a zona euro em 2016"
  [salario     ] n=  2 (pos-IQR=1) mediana=  540.00  std=  0.000  CV=0.00  rel_media=5.0
              fontes: ['Publico', 'www.ionline.pt']
              melhor noticia: "Salário mínimo nacional sobe para 540 euros"

  --- 2017 ---
  [combustivel ] n=  3 (pos-IQR=1) mediana=    1.50  std=  0.000  CV=0.00  rel_media=4.0
              fontes: ['RTP', 'TSF']
              melhor noticia: "Preços dos combustíveis descem em Portugal"
  [salario     ] n=  5 (pos-IQR=5) mediana=  580.00  std= 14.859  CV=0.03  rel_media=5.0
              fontes: ['Correio da Manha', 'Publico', 'RTP']
              melhor noticia: "Proposta de progressão do Salário Mínimo Nacional para 600 euros"

  --- 2018 ---
  [combustivel ] n=  1 (sem valores numericos validos)
  [inflacao    ] n=  3 (pos-IQR=1) mediana=    2.00  std=  0.000  CV=0.00  rel_media=4.0
              fontes: ['RTP']
              melhor noticia: "OCDE revê em baixa crescimento econômico de Portugal"
  [salario     ] n=  5 (pos-IQR=3) mediana=  635.00  std= 20.207  CV=0.03  rel_media=4.8
              fontes: ['RTP', 'TSF', 'www.lusa.pt']
              melhor noticia: "Salário mínimo nacional sobe para 600 euros"

  --- 2019 ---
  [combustivel ] n=  1 (pos-IQR=1) mediana=    2.50  std=  0.000  CV=0.00  rel_media=4.0
              fontes: ['RTP']
              melhor noticia: "Gasolina sobe 2,5 cêntimos por litro para a semana"
  [habitacao   ] n=  5 (pos-IQR=3) mediana= 1523.00  std=884.159  CV=0.58  rel_media=4.2
              fontes: ['Correio da Manha', 'Diario de Noticias', 'Publico', 'TSF']
              melhor noticia: "Avaliação bancária da habitação atinge recorde em Portugal"
              valores brutos: [1215.0, 1523.0, 2877.0]
              valores pos-IQR: [1215.0, 1523.0, 2877.0]
  [inflacao    ] n=  4 (pos-IQR=3) mediana=    0.60  std=  0.737  CV=1.23  rel_media=4.8
              fontes: ['Jornal de Noticias', 'RTP', 'TSF', 'www.lusa.pt']
              melhor noticia: "Inflação média anual em Portugal recua para 0,6% em agosto de 2019"
              valores brutos: [0.3, 0.6, 1.7]
              valores pos-IQR: [0.3, 0.6, 1.7]
  [salario     ] n= 10 (pos-IQR=7) mediana=  750.00  std=205.245  CV=0.27  rel_media=4.4
              fontes: ['Correio da Manha', 'RTP', 'TSF', 'www.lusa.pt']
              melhor noticia: "Rendimento médio mensal dos trabalhadores por conta de outrem atinge 9"

  --- 2020 ---
  [combustivel ] n=  6 (pos-IQR=6) mediana=    1.14  std=  0.044  CV=0.04  rel_media=4.0
              fontes: ['Correio da Manha']
              melhor noticia: "Preço médio do gasóleo atinge valores mínimos em Portugal"
  [inflacao    ] n=  2 (pos-IQR=2) mediana=    0.20  std=  0.283  CV=1.41  rel_media=5.0
              fontes: ['Correio da Manha', 'www.lusa.pt']
              melhor noticia: "Taxa de inflação recua para 0,4% na zona euro em abril"
              valores brutos: [0.0, 0.4]
              valores pos-IQR: [0.0, 0.4]
  [salario     ] n=  7 (pos-IQR=4) mediana=  635.00  std=  0.000  CV=0.00  rel_media=4.9
              fontes: ['Publico', 'RTP', 'TSF', 'www.lusa.pt']
              melhor noticia: "Salário mínimo nacional sobe para 635 euros"

  --- 2021 ---
  [combustivel ] n=  1 (pos-IQR=1) mediana=    1.50  std=  0.000  CV=0.00  rel_media=4.0
              fontes: ['pees.gov.pt']
              melhor noticia: "Preço do petróleo deve situar-se em torno dos 39 USD/bbl"
  [inflacao    ] n=  2 (pos-IQR=2) mediana=    1.20  std=  1.697  CV=1.41  rel_media=4.5
              fontes: ['Observador', 'www.radiocampanario.com']
              melhor noticia: "Inflação mantém-se a zero em 2021"
              valores brutos: [0.0, 2.4]
              valores pos-IQR: [0.0, 2.4]
  [salario     ] n= 12 (pos-IQR=8) mediana=  665.00  std=  4.629  CV=0.01  rel_media=4.9
              fontes: ['TSF', 'app.parlamento.pt:80', 'portocanal.sapo.pt:443', 'visao.sapo.pt', 'www.destak.pt', 'www.radiocampanario.com', 'www.sabado.pt', 'www.sapo.pt', 'www.vozdaplanicie.pt']
              melhor noticia: "Orçamento do Estado 2020"

========================================================================
RESUMO EXECUTIVO — POR QUE FORAM USADOS DADOS HISTORICOS
========================================================================

O Arquivo.pt coleccionou principalmente artigos de blogues, sindicatos e
entidades governamentais portuguesas entre 1996-2024. O principal motivo
pelo qual alguns anos/categorias ficaram sem dados reais e foram preenchidos
com valores historicos (INE/Pordata) e o seguinte:

1. COBERTURA TEMPORAL: A coleccao priorizou snippets dos jornais principais
   (Publico, DN, JN, Expresso) que tinham mais artigos indexados. Anos mais
   antigos (pre-2002) tinham menos artigos no Arquivo.pt.

2. FILTRAGEM RIGOROSA (MIN_REL=4): O prompt "Estatistico Rigoroso" rejeitou
   artigos ambiguos ou sem valor numerico explicito. Artigos que menciona-
   vam salarios/inflacao de forma vaga foram descartados corretamente.

3. CATEGORIAS DE BAIXA FREQUENCIA: A "inflacao" e a "habitacao" aparecem
   menos nos titulos dos artigos do que o "salario" (que e anunciado anual-
   mente pelo Governo com manchetes obvias).

4. ANOS 1996-2000: O Arquivo.pt tem menor cobertura de artigos deste periodo.
   Muitos sites ainda nao existiam ou nao foram arquivados com regularidade.

5. ANOS 2022-2024: O script de coleccao (01_collect_arquivo) usou keywords
   especificas. Artigos recentes podem usar terminologia diferente.

CONCLUSAO: Os dados historicos (INE/Pordata) funcionam como FALLBACK
de alta qualidade para os gaps. As metricas de confianca (confianca_pct=None)
no frontend permitem ao utilizador distinguir facilmente ambas as fontes.

Log guardado em: logs\03_diagnostico_20260501_074312.log
